2025-04-22 12:17:50,521 [INFO] Activator:176 - 


2025-04-22 12:17:50,527 [INFO] Activator:177 - !SESSION log4j initialized
2025-04-22 12:17:55,965 [INFO] LogOutputStream:77 - [STDOUT_REDIRECT] 
2025-04-22 12:17:56,547 [ERROR] LogOutputStream:75 - [STDERR_REDIRECT] 
2025-04-22 12:17:58,927 [INFO] LogOutputStream:77 - [STDOUT_REDIRECT] 
2025-04-22 12:17:59,635 [INFO] ApplicationProperties:184 - Using Application install path: /Applications/STM32CubeIDE.app/Contents/Eclipse/plugins/com.st.stm32cube.common.mx_6.14.0.202502271554
2025-04-22 12:17:59,653 [INFO] DbMcusXml:78 - Set database path to: /Applications/STM32CubeIDE.app/Contents/Eclipse/plugins/com.st.stm32cube.common.mx_6.14.0.202502271554//db//mcu/
2025-04-22 12:17:59,653 [INFO] ApiDb:274 - Set plugin database path to: /Applications/STM32CubeIDE.app/Contents/Eclipse/plugins/com.st.stm32cube.common.mx_6.14.0.202502271554//db//plugins/boardmanager/
2025-04-22 12:17:59,654 [WARN] ApiDb:259 - Overriding images path with different value:  => /Applications/STM32CubeIDE.app/Contents/Eclipse/plugins/com.st.stm32cube.common.mx_6.14.0.202502271554//db//plugins/mcufinder/images/
2025-04-22 12:17:59,668 [INFO] ApiDb:250 - Set database path to: /Users/cammy/.stmcufinder/plugins/mcufinder//mcu/
2025-04-22 12:17:59,669 [INFO] DbMcusAds:125 - Set database path to: /Users/cammy/.stmcufinder/plugins/mcufinder//mcu/
2025-04-22 12:17:59,670 [INFO] CrossReferenceDbSqlite:203 - Set database path to: /Users/cammy/.stmcufinder/plugins/mcufinder//mcu/cs/
2025-04-22 12:17:59,816 [INFO] RulesReader:64 - Compatibility file has been processed (301 Rules)
2025-04-22 12:17:59,905 [INFO] DbMcusXml:78 - Set database path to: /Applications/STM32CubeIDE.app/Contents/Eclipse/plugins/com.st.stm32cube.common.mx_6.14.0.202502271554//db//mcu/
2025-04-22 12:17:59,905 [INFO] ApiDb:274 - Set plugin database path to: /Applications/STM32CubeIDE.app/Contents/Eclipse/plugins/com.st.stm32cube.common.mx_6.14.0.202502271554//db//plugins/boardmanager/
2025-04-22 12:17:59,905 [INFO] ApiDb:261 - Set plugin images path to: /Applications/STM32CubeIDE.app/Contents/Eclipse/plugins/com.st.stm32cube.common.mx_6.14.0.202502271554//db//plugins/mcufinder/images/
2025-04-22 12:17:59,906 [WARN] DbFile:41 - Overriding database path with different value: /Users/cammy/.stmcufinder/plugins/mcufinder/ => /Users/cammy/.stmcufinder/plugins/mcufinder
2025-04-22 12:17:59,906 [INFO] ApiDb:250 - Set database path to: /Users/cammy/.stmcufinder/plugins/mcufinder//mcu/
2025-04-22 12:17:59,906 [WARN] DbFile:41 - Overriding database path with different value: /Users/cammy/.stmcufinder/plugins/mcufinder/ => /Users/cammy/.stmcufinder/plugins/mcufinder
2025-04-22 12:17:59,906 [INFO] DbMcusAds:125 - Set database path to: /Users/cammy/.stmcufinder/plugins/mcufinder//mcu/
2025-04-22 12:17:59,906 [WARN] DbFile:41 - Overriding database path with different value: /Users/cammy/.stmcufinder/plugins/mcufinder/ => /Users/cammy/.stmcufinder/plugins/mcufinder
2025-04-22 12:17:59,906 [WARN] DbFile:41 - Overriding database path with different value: /Users/cammy/.stmcufinder/plugins/mcufinder/ => /Users/cammy/.stmcufinder/plugins/mcufinder
2025-04-22 12:17:59,907 [INFO] CrossReferenceDbSqlite:203 - Set database path to: /Users/cammy/.stmcufinder/plugins/mcufinder//mcu/cs/
2025-04-22 12:17:59,979 [INFO] MainPanel:272 - HeapMemory: 268435456
2025-04-22 12:18:00,325 [INFO] DbMcusXml:78 - Set database path to: /Applications/STM32CubeIDE.app/Contents/Eclipse/plugins/com.st.stm32cube.common.mx_6.14.0.202502271554//db//mcu/
2025-04-22 12:18:00,325 [INFO] ApiDb:274 - Set plugin database path to: /Applications/STM32CubeIDE.app/Contents/Eclipse/plugins/com.st.stm32cube.common.mx_6.14.0.202502271554//db//plugins/boardmanager/
2025-04-22 12:18:00,325 [INFO] ApiDb:261 - Set plugin images path to: /Applications/STM32CubeIDE.app/Contents/Eclipse/plugins/com.st.stm32cube.common.mx_6.14.0.202502271554//db//plugins/mcufinder/images/
2025-04-22 12:18:00,326 [WARN] DbFile:41 - Overriding database path with different value: /Users/cammy/.stmcufinder/plugins/mcufinder/ => /Users/cammy/.stmcufinder/plugins/mcufinder
2025-04-22 12:18:00,326 [INFO] ApiDb:250 - Set database path to: /Users/cammy/.stmcufinder/plugins/mcufinder//mcu/
2025-04-22 12:18:00,326 [WARN] DbFile:41 - Overriding database path with different value: /Users/cammy/.stmcufinder/plugins/mcufinder/ => /Users/cammy/.stmcufinder/plugins/mcufinder
2025-04-22 12:18:00,326 [INFO] DbMcusAds:125 - Set database path to: /Users/cammy/.stmcufinder/plugins/mcufinder//mcu/
2025-04-22 12:18:00,326 [WARN] DbFile:41 - Overriding database path with different value: /Users/cammy/.stmcufinder/plugins/mcufinder/ => /Users/cammy/.stmcufinder/plugins/mcufinder
2025-04-22 12:18:00,326 [WARN] DbFile:41 - Overriding database path with different value: /Users/cammy/.stmcufinder/plugins/mcufinder/ => /Users/cammy/.stmcufinder/plugins/mcufinder
2025-04-22 12:18:00,326 [INFO] CrossReferenceDbSqlite:203 - Set database path to: /Users/cammy/.stmcufinder/plugins/mcufinder//mcu/cs/
2025-04-22 12:18:00,348 [INFO] ApplicationProperties:184 - Using Application install path: /Applications/STM32CubeIDE.app/Contents/Eclipse/plugins/com.st.stm32cube.common.mx_6.14.0.202502271554
2025-04-22 12:18:00,350 [INFO] PluginManage:196 - Search for loadable plugins [exclusion list=, ]
2025-04-22 12:18:00,351 [INFO] PluginManage:310 - Check plugin analytics
2025-04-22 12:18:00,554 [INFO] AnalyticsPlugin:253 - Accepted Software Licenses: 
2025-04-22 12:18:00,554 [INFO] AnalyticsPlugin:255 - Accepted CMSIS Pack Licenses: 
2025-04-22 12:18:00,555 [INFO] AnalyticsPlugin:257 - Accepted Firmware Licenses: FW.F4.1.28.0
2025-04-22 12:18:00,568 [INFO] PluginManage:359 - Loaded plugin analytics (category:tool,tabindex:-1)
2025-04-22 12:18:00,569 [INFO] PluginManage:310 - Check plugin cadmodel
2025-04-22 12:18:00,588 [INFO] CADModel:105 - Init CAD model plugin
2025-04-22 12:18:00,588 [INFO] PluginManage:359 - Loaded plugin cadmodel (category:power,tabindex:5)
2025-04-22 12:18:00,589 [INFO] PluginManage:310 - Check plugin clock
2025-04-22 12:18:00,602 [INFO] PluginManage:359 - Loaded plugin clock (category:base,tabindex:2)
2025-04-22 12:18:00,602 [INFO] PluginManage:310 - Check plugin ddr
2025-04-22 12:18:00,605 [INFO] PluginManage:359 - Loaded plugin ddr (category:tool,tabindex:6)
2025-04-22 12:18:00,605 [INFO] PluginManage:310 - Check plugin filemanager
2025-04-22 12:18:00,766 [INFO] PluginManage:359 - Loaded plugin filemanager (category:base,tabindex:10)
2025-04-22 12:18:00,767 [INFO] PluginManage:310 - Check plugin ipmanager
2025-04-22 12:18:00,777 [INFO] PluginManage:359 - Loaded plugin ipmanager (category:base,tabindex:5)
2025-04-22 12:18:00,778 [INFO] PluginManage:310 - Check plugin lpbam
2025-04-22 12:18:00,786 [INFO] PluginManage:359 - Loaded plugin lpbam (category:base,tabindex:0)
2025-04-22 12:18:00,786 [INFO] PluginManage:310 - Check plugin memorymap
2025-04-22 12:18:00,796 [INFO] PluginManage:359 - Loaded plugin memorymap (category:base,tabindex:4)
2025-04-22 12:18:00,797 [INFO] PluginManage:310 - Check plugin pinoutandconfiguration
2025-04-22 12:18:00,804 [INFO] PluginManage:359 - Loaded plugin pinoutandconfiguration (category:base,tabindex:1)
2025-04-22 12:18:00,805 [INFO] PluginManage:310 - Check plugin pinoutconfig
2025-04-22 12:18:00,894 [WARN] SupportedApi:132 - Cannot load RTOS API schema: s4s-elt-must-match.1: The content of 'definitions' must match (annotation?, (simpleType | complexType)?, (unique | key | keyref)*)). A problem was found starting at: attribute.
2025-04-22 12:18:01,052 [INFO] PluginManage:359 - Loaded plugin pinoutconfig (category:base,tabindex:0)
2025-04-22 12:18:01,053 [INFO] PluginManage:310 - Check plugin power
2025-04-22 12:18:01,065 [INFO] PluginManage:359 - Loaded plugin power (category:power,tabindex:4)
2025-04-22 12:18:01,066 [INFO] PluginManage:310 - Check plugin projectmanager
2025-04-22 12:18:01,091 [INFO] PluginManage:359 - Loaded plugin projectmanager (category:projectmanager,tabindex:4)
2025-04-22 12:18:01,091 [INFO] PluginManage:310 - Check plugin rif
2025-04-22 12:18:01,099 [INFO] PluginManage:359 - Loaded plugin rif (category:base,tabindex:3)
2025-04-22 12:18:01,099 [INFO] PluginManage:310 - Check plugin thirdparty
2025-04-22 12:18:01,277 [INFO] PluginManage:359 - Loaded plugin thirdparty (category:base,tabindex:-1)
2025-04-22 12:18:01,277 [WARN] IntegrityCheckThread:84 - waiting for thirdparty lock release [integrity check]
2025-04-22 12:18:01,277 [INFO] PluginManage:310 - Check plugin tools
2025-04-22 12:18:01,278 [INFO] IntegrityCheckThread:86 - entering critical section [integrity check]
2025-04-22 12:18:01,278 [INFO] ThirdPartyUpdaterWithRetryManager:70 - Updater plugin not ready yet. [1/15]
2025-04-22 12:18:01,280 [INFO] PluginManage:359 - Loaded plugin tools (category:base,tabindex:7)
2025-04-22 12:18:01,280 [INFO] PluginManage:310 - Check plugin tutovideos
2025-04-22 12:18:01,443 [INFO] PluginManage:359 - Loaded plugin tutovideos (category:base,tabindex:-1)
2025-04-22 12:18:01,443 [INFO] PluginManage:310 - Check plugin updater
2025-04-22 12:18:01,472 [INFO] PluginManage:359 - Loaded plugin updater (category:base,tabindex:12)
2025-04-22 12:18:01,472 [INFO] PluginManage:310 - Check plugin userauth
2025-04-22 12:18:01,477 [INFO] UserAuth:118 - Init User Auth plugin
2025-04-22 12:18:01,478 [INFO] PluginManage:359 - Loaded plugin userauth (category:base,tabindex:14)
2025-04-22 12:18:01,478 [INFO] PluginManage:283 - PluginManage : Loaded plugins [18]
2025-04-22 12:18:01,724 [INFO] PinOutPanel:1589 - setPackage(No Configuration,No Configuration)
2025-04-22 12:18:01,800 [INFO] CADModel:165 - CPN selected for project level
2025-04-22 12:18:01,800 [INFO] CADModel:114 - Register for checkConnection events
2025-04-22 12:18:01,812 [INFO] IPUIPlugin:80 - create IPUIPlugin
2025-04-22 12:18:01,813 [INFO] PluginManager:220 - loadIPPluginJar : add mdma
2025-04-22 12:18:01,819 [INFO] IPUIPlugin:80 - create IPUIPlugin
2025-04-22 12:18:01,819 [INFO] PluginManager:220 - loadIPPluginJar : add freertos
2025-04-22 12:18:01,823 [INFO] IPUIPlugin:80 - create IPUIPlugin
2025-04-22 12:18:01,824 [INFO] PluginManager:220 - loadIPPluginJar : add gic
2025-04-22 12:18:01,832 [INFO] IPUIPlugin:80 - create IPUIPlugin
2025-04-22 12:18:01,832 [INFO] PluginManager:220 - loadIPPluginJar : add adc
2025-04-22 12:18:01,848 [INFO] IPUIPlugin:80 - create IPUIPlugin
2025-04-22 12:18:01,848 [INFO] PluginManager:220 - loadIPPluginJar : add gtzc
2025-04-22 12:18:01,850 [INFO] IPUIPlugin:80 - create IPUIPlugin
2025-04-22 12:18:01,850 [INFO] PluginManager:220 - loadIPPluginJar : add quadspi
2025-04-22 12:18:01,852 [INFO] IPUIPlugin:80 - create IPUIPlugin
2025-04-22 12:18:01,852 [INFO] PluginManager:220 - loadIPPluginJar : add aes
2025-04-22 12:18:01,854 [INFO] IPUIPlugin:80 - create IPUIPlugin
2025-04-22 12:18:01,854 [INFO] PluginManager:220 - loadIPPluginJar : add pdm2pcm
2025-04-22 12:18:01,855 [INFO] IPUIPlugin:80 - create IPUIPlugin
2025-04-22 12:18:01,856 [INFO] PluginManager:220 - loadIPPluginJar : add hash
2025-04-22 12:18:01,857 [INFO] IPUIPlugin:80 - create IPUIPlugin
2025-04-22 12:18:01,858 [INFO] PluginManager:220 - loadIPPluginJar : add tim
2025-04-22 12:18:01,859 [INFO] IPUIPlugin:80 - create IPUIPlugin
2025-04-22 12:18:01,859 [INFO] PluginManager:220 - loadIPPluginJar : add tsc
2025-04-22 12:18:01,863 [INFO] IPUIPlugin:80 - create IPUIPlugin
2025-04-22 12:18:01,863 [INFO] PluginManager:220 - loadIPPluginJar : add extmemmanager
2025-04-22 12:18:01,865 [INFO] IPUIPlugin:80 - create IPUIPlugin
2025-04-22 12:18:01,865 [INFO] PluginManager:220 - loadIPPluginJar : add ts
2025-04-22 12:18:01,868 [INFO] IPUIPlugin:80 - create IPUIPlugin
2025-04-22 12:18:01,868 [INFO] PluginManager:220 - loadIPPluginJar : add radio
2025-04-22 12:18:01,870 [INFO] IPUIPlugin:80 - create IPUIPlugin
2025-04-22 12:18:01,870 [INFO] PluginManager:220 - loadIPPluginJar : add can
2025-04-22 12:18:01,871 [INFO] IPUIPlugin:80 - create IPUIPlugin
2025-04-22 12:18:01,878 [INFO] PluginManager:220 - loadIPPluginJar : add dma3
2025-04-22 12:18:01,880 [INFO] IPUIPlugin:80 - create IPUIPlugin
2025-04-22 12:18:01,880 [INFO] PluginManager:220 - loadIPPluginJar : add dfsdm
2025-04-22 12:18:01,881 [INFO] IPUIPlugin:80 - create IPUIPlugin
2025-04-22 12:18:01,881 [INFO] PluginManager:220 - loadIPPluginJar : add spi
2025-04-22 12:18:01,883 [INFO] IPUIPlugin:80 - create IPUIPlugin
2025-04-22 12:18:01,884 [INFO] PluginManager:220 - loadIPPluginJar : add gfxmmu
2025-04-22 12:18:01,885 [INFO] IPUIPlugin:80 - create IPUIPlugin
2025-04-22 12:18:01,886 [INFO] PluginManager:220 - loadIPPluginJar : add genericplugin
2025-04-22 12:18:01,887 [INFO] IPUIPlugin:80 - create IPUIPlugin
2025-04-22 12:18:01,888 [INFO] PluginManager:220 - loadIPPluginJar : add cryp
2025-04-22 12:18:01,891 [INFO] IPUIPlugin:80 - create IPUIPlugin
2025-04-22 12:18:01,892 [INFO] PluginManager:220 - loadIPPluginJar : add gpio
2025-04-22 12:18:01,894 [INFO] IPUIPlugin:80 - create IPUIPlugin
2025-04-22 12:18:01,894 [INFO] PluginManager:220 - loadIPPluginJar : add ddr_ctrl_phy
2025-04-22 12:18:01,896 [INFO] IPUIPlugin:80 - create IPUIPlugin
2025-04-22 12:18:01,896 [INFO] PluginManager:220 - loadIPPluginJar : add comp
2025-04-22 12:18:01,898 [INFO] IPUIPlugin:80 - create IPUIPlugin
2025-04-22 12:18:01,898 [INFO] PluginManager:220 - loadIPPluginJar : add tracer_emb
2025-04-22 12:18:01,900 [INFO] IPUIPlugin:80 - create IPUIPlugin
2025-04-22 12:18:01,900 [INFO] PluginManager:220 - loadIPPluginJar : add openamp
2025-04-22 12:18:01,904 [INFO] IPUIPlugin:80 - create IPUIPlugin
2025-04-22 12:18:01,904 [INFO] PluginManager:220 - loadIPPluginJar : add stm32_wpan
2025-04-22 12:18:01,908 [INFO] IPUIPlugin:80 - create IPUIPlugin
2025-04-22 12:18:01,912 [INFO] PluginManager:220 - loadIPPluginJar : add plateformsettings
2025-04-22 12:18:01,915 [INFO] IPUIPlugin:80 - create IPUIPlugin
2025-04-22 12:18:01,915 [INFO] PluginManager:220 - loadIPPluginJar : add ipddr
2025-04-22 12:18:01,917 [INFO] IPUIPlugin:80 - create IPUIPlugin
2025-04-22 12:18:01,917 [INFO] PluginManager:220 - loadIPPluginJar : add usart
2025-04-22 12:18:01,917 [INFO] IPUIPlugin:80 - create IPUIPlugin
2025-04-22 12:18:01,918 [INFO] PluginManager:220 - loadIPPluginJar : add ltdc
2025-04-22 12:18:01,920 [INFO] IPUIPlugin:80 - create IPUIPlugin
2025-04-22 12:18:01,920 [INFO] PluginManager:220 - loadIPPluginJar : add nvic
2025-04-22 12:18:01,921 [INFO] IPUIPlugin:80 - create IPUIPlugin
2025-04-22 12:18:01,922 [INFO] PluginManager:220 - loadIPPluginJar : add fatfs
2025-04-22 12:18:01,928 [INFO] IPUIPlugin:80 - create IPUIPlugin
2025-04-22 12:18:01,928 [INFO] PluginManager:220 - loadIPPluginJar : add linkedlist
2025-04-22 12:18:01,932 [INFO] IPUIPlugin:80 - create IPUIPlugin
2025-04-22 12:18:01,933 [INFO] PluginManager:220 - loadIPPluginJar : add dma
2025-04-22 12:18:01,935 [INFO] IPUIPlugin:80 - create IPUIPlugin
2025-04-22 12:18:01,935 [INFO] PluginManager:220 - loadIPPluginJar : add fmc
2025-04-22 12:18:01,937 [INFO] IPUIPlugin:80 - create IPUIPlugin
2025-04-22 12:18:01,937 [INFO] PluginManager:220 - loadIPPluginJar : add i2s
2025-04-22 12:18:01,940 [INFO] IPUIPlugin:80 - create IPUIPlugin
2025-04-22 12:18:01,940 [INFO] PluginManager:220 - loadIPPluginJar : add ucpd
2025-04-22 12:18:01,942 [INFO] IPUIPlugin:80 - create IPUIPlugin
2025-04-22 12:18:01,942 [INFO] PluginManager:220 - loadIPPluginJar : add lorawan
2025-04-22 12:18:01,945 [INFO] IPUIPlugin:80 - create IPUIPlugin
2025-04-22 12:18:01,945 [INFO] PluginManager:220 - loadIPPluginJar : add opamp
2025-04-22 12:18:01,947 [INFO] IPUIPlugin:80 - create IPUIPlugin
2025-04-22 12:18:01,947 [INFO] PluginManager:220 - loadIPPluginJar : add i3c
2025-04-22 12:18:01,949 [INFO] IPUIPlugin:80 - create IPUIPlugin
2025-04-22 12:18:01,953 [INFO] PluginManager:220 - loadIPPluginJar : add touchsensing
2025-04-22 12:18:01,955 [INFO] IPUIPlugin:80 - create IPUIPlugin
2025-04-22 12:18:01,955 [INFO] PluginManager:220 - loadIPPluginJar : add i2c
2025-04-22 12:18:01,958 [INFO] IPUIPlugin:80 - create IPUIPlugin
2025-04-22 12:18:01,958 [INFO] PluginManager:220 - loadIPPluginJar : add resmgrutility
2025-04-22 12:18:01,961 [INFO] IPUIPlugin:80 - create IPUIPlugin
2025-04-22 12:18:01,961 [INFO] PluginManager:220 - loadIPPluginJar : add sai
2025-04-22 12:18:01,963 [INFO] IPUIPlugin:80 - create IPUIPlugin
2025-04-22 12:18:01,964 [INFO] PluginManager:220 - loadIPPluginJar : add usbx
2025-04-22 12:18:02,091 [FATAL] Updater:351 - Updater called before beeing initialized
2025-04-22 12:18:02,132 [INFO] RulesReader:64 - Compatibility file has been processed (301 Rules)
2025-04-22 12:18:02,146 [INFO] RulesReader:64 - Compatibility file has been processed (301 Rules)
2025-04-22 12:18:02,160 [INFO] CADModel:165 - CPN selected for project level
2025-04-22 12:18:02,160 [INFO] CADModel:114 - Register for checkConnection events
2025-04-22 12:18:02,160 [FATAL] Updater:351 - Updater called before beeing initialized
2025-04-22 12:18:02,160 [ERROR] CADModel:125 - Updater not yet initialized, retry later 
2025-04-22 12:18:02,403 [FATAL] Updater:351 - Updater called before beeing initialized
2025-04-22 12:18:02,405 [INFO] CADModel:165 - CPN selected for project level
2025-04-22 12:18:02,405 [INFO] CADModel:114 - Register for checkConnection events
2025-04-22 12:18:02,405 [FATAL] Updater:351 - Updater called before beeing initialized
2025-04-22 12:18:02,405 [ERROR] CADModel:125 - Updater not yet initialized, retry later 
2025-04-22 12:18:02,408 [FATAL] Updater:351 - Updater called before beeing initialized
2025-04-22 12:18:02,570 [FATAL] Updater:351 - Updater called before beeing initialized
2025-04-22 12:18:02,575 [INFO] DbMcusAds:53 - JSON generation date=Thu Mar 06 07:54:22 MST 2025 (1741272862078)
2025-04-22 12:18:02,575 [FATAL] Updater:351 - Updater called before beeing initialized
2025-04-22 12:18:02,626 [WARN] DetailPanel:346 - Failed to get advertising image, set to default
2025-04-22 12:18:02,832 [FATAL] Updater:351 - Updater called before beeing initialized
2025-04-22 12:18:02,837 [FATAL] Updater:351 - Updater called before beeing initialized
2025-04-22 12:18:02,837 [FATAL] Updater:351 - Updater called before beeing initialized
2025-04-22 12:18:02,837 [WARN] DetailPanel:346 - Failed to get advertising image, set to default
2025-04-22 12:18:02,838 [FATAL] Updater:351 - Updater called before beeing initialized
2025-04-22 12:18:02,891 [ERROR] Updater:1198 - MainUpdater not yet initialized. External WinMGr cannot be set.
2025-04-22 12:18:02,894 [INFO] Updater:1134 - Updater Version found : 6.14.0
2025-04-22 12:18:02,909 [INFO] ApplicationProperties:184 - Using Application install path: /Applications/STM32CubeIDE.app/Contents/Eclipse/plugins/com.st.stm32cube.common.mx_6.14.0.202502271554
2025-04-22 12:18:03,453 [INFO] MainUpdater:2872 - connection check result : 10
2025-04-22 12:18:03,453 [INFO] MainUpdater:3566 - Updater definition file requires update
2025-04-22 12:18:03,454 [INFO] MainUpdater:289 - Updater Check For Update Now.
2025-04-22 12:18:03,454 [INFO] MicroXplorer:498 - Change Database Version : DB.6.0.140
2025-04-22 12:18:03,499 [INFO] McuFinderGlobals:63 - Set McuFinder mode to 2 (CubeIDE integrated)
2025-04-22 12:18:03,500 [INFO] UserAuth:171 - activating auth plugin
2025-04-22 12:18:03,512 [INFO] UserAuth:486 - Internet connection configuration mode: 1
2025-04-22 12:18:03,528 [INFO] JxBrowserEngine:152 - Initiate JxBrowser Engine with user profile folder
2025-04-22 12:18:03,611 [INFO] ServerAccessManage:473 - Download File updaters.zip
2025-04-22 12:18:03,733 [INFO] FileExtend:242 - Unzip File : updaters.zip
2025-04-22 12:18:03,734 [INFO] FileExtend:257 - Standard Zip Deflate
2025-04-22 12:18:03,972 [INFO] ServerAccessManage:473 - Download File PacksControlFlags.xml
2025-04-22 12:18:04,087 [INFO] ServerAccessManage:473 - Download File cubemx.pidx
2025-04-22 12:18:04,284 [WARN] MainUpdater:1193 - Updater busy. Cannot search thirdparties
2025-04-22 12:18:04,286 [INFO] ThirdPartyUpdaterWithRetryManager:96 - Updater plugin is busy. [1/15]
2025-04-22 12:18:05,531 [INFO] ServerAccessManage:473 - Download File STMicroelectronics.X-CUBE-WB05N.pdsc
2025-04-22 12:18:05,877 [WARN] PackLoader:240 - Cannot read IP mode file for STMicroelectronics.X-CUBE-WB05N.2.0.0
2025-04-22 12:18:05,900 [INFO] PopulateThirdPartyThread:66 - Ending populate Thread
2025-04-22 12:18:05,902 [INFO] ThirdParty:1030 - CMSIS Pack Vendor :STMicroelectronics X-CUBE-WB05N 2.0.0
2025-04-22 12:18:05,902 [INFO] LoadServerUpdatesThread:375 - End of LoadServerUpdate Thread
2025-04-22 12:18:06,037 [INFO] CheckServerUpdateThread:120 - End of CheckServer Thread
2025-04-22 12:18:07,459 [WARN] PackLoader:240 - Cannot read IP mode file for STMicroelectronics.FP-SNS-MOTENVWB1.1.4.0
2025-04-22 12:18:07,468 [WARN] PackLoader:240 - Cannot read IP mode file for STMicroelectronics.FP-ATR-ASTRA1.2.0.2
2025-04-22 12:18:07,478 [WARN] PackLoader:240 - Cannot read IP mode file for STMicroelectronics.FP-ATR-ASTRA1.2.0.1
2025-04-22 12:18:07,484 [WARN] PackLoader:240 - Cannot read IP mode file for STMicroelectronics.X-CUBE-SMBUS.2.1.0
2025-04-22 12:18:07,491 [WARN] PackLoader:240 - Cannot read IP mode file for STMicroelectronics.X-CUBE-WB05N.1.1.0
2025-04-22 12:18:07,544 [WARN] PackLoader:240 - Cannot read IP mode file for STMicroelectronics.X-CUBE-AZRTOS-F7.1.1.0
2025-04-22 12:18:07,573 [WARN] PackLoader:240 - Cannot read IP mode file for STMicroelectronics.FP-SNS-FLIGHT1.5.0.2
2025-04-22 12:18:07,625 [WARN] PackLoader:240 - Cannot read IP mode file for Infineon.AIROC-Wi-Fi-Bluetooth-STM32.1.7.0
2025-04-22 12:18:07,657 [WARN] PackLoader:240 - Cannot read IP mode file for STMicroelectronics.X-CUBE-DISPLAY.3.0.0
2025-04-22 12:18:07,680 [WARN] PackLoader:240 - Cannot read IP mode file for STMicroelectronics.X-CUBE-BLE1.7.0.0
2025-04-22 12:18:07,696 [WARN] PackLoader:240 - Cannot read IP mode file for STMicroelectronics.X-CUBE-NFC10.1.0.0
2025-04-22 12:18:07,728 [WARN] PackLoader:240 - Cannot read IP mode file for STMicroelectronics.X-CUBE-BLEMGR.4.0.0
2025-04-22 12:18:07,756 [WARN] PackLoader:240 - Cannot read IP mode file for emotas.I-CUBE-CANOPEN.1.3.0
2025-04-22 12:18:07,771 [WARN] PackLoader:240 - Cannot read IP mode file for STMicroelectronics.X-CUBE-AI.10.0.0
2025-04-22 12:18:07,778 [WARN] PackLoader:240 - Cannot read IP mode file for STMicroelectronics.FP-SNS-SMARTAG2.1.2.0
2025-04-22 12:18:07,792 [WARN] PackLoader:240 - Cannot read IP mode file for STMicroelectronics.FP-SNS-FLIGHT1.5.1.0
2025-04-22 12:18:07,908 [WARN] PackLoader:240 - Cannot read IP mode file for STMicroelectronics.X-CUBE-MEMS1.11.1.0
2025-04-22 12:18:08,057 [INFO] LogOutputStream:77 - [STDOUT_REDIRECT] 1 : Invalid condition id : UX_CORESTACK_Condition cause : null
2025-04-22 12:18:08,058 [INFO] LogOutputStream:77 - [STDOUT_REDIRECT] 1 : Invalid condition id : UX_CORESTACK_Condition cause : null
2025-04-22 12:18:08,058 [INFO] LogOutputStream:77 - [STDOUT_REDIRECT] 1 : Invalid condition id : UX_CORESTACK_Condition cause : null
2025-04-22 12:18:08,058 [INFO] LogOutputStream:77 - [STDOUT_REDIRECT] 1 : Invalid condition id : UX_CORESTACK_Condition cause : null
2025-04-22 12:18:08,058 [INFO] LogOutputStream:77 - [STDOUT_REDIRECT] 1 : Invalid condition id : UX_CORESTACK_Condition cause : null
2025-04-22 12:18:08,065 [WARN] PackLoader:240 - Cannot read IP mode file for STMicroelectronics.X-CUBE-AZRTOS-WL.2.0.0
2025-04-22 12:18:08,077 [WARN] PackLoader:240 - Cannot read IP mode file for STMicroelectronics.FP-SNS-MOTENV1.5.0.0
2025-04-22 12:18:08,084 [WARN] PackLoader:240 - Cannot read IP mode file for wolfSSL.I-CUBE-wolfMQTT.1.19.0
2025-04-22 12:18:08,092 [WARN] PackLoader:240 - Cannot read IP mode file for WES.I-CUBE-Cesium.1.3.0
2025-04-22 12:18:08,108 [WARN] PackLoader:240 - Cannot read IP mode file for STMicroelectronics.X-CUBE-BLE2.3.3.0
2025-04-22 12:18:08,119 [WARN] PackLoader:240 - Cannot read IP mode file for STMicroelectronics.X-CUBE-NFC9.1.0.0
2025-04-22 12:18:08,126 [WARN] PackLoader:240 - Cannot read IP mode file for STMicroelectronics.X-CUBE-BLE1.7.1.0
2025-04-22 12:18:08,202 [WARN] PackLoader:240 - Cannot read IP mode file for STMicroelectronics.X-CUBE-MEMS1.11.2.0
2025-04-22 12:18:08,394 [WARN] PackLoader:240 - Cannot read IP mode file for STMicroelectronics.X-CUBE-AZRTOS-G0.1.1.0
2025-04-22 12:18:08,424 [WARN] PackLoader:240 - Cannot read IP mode file for STMicroelectronics.X-CUBE-SAFEA1.1.2.2
2025-04-22 12:18:08,436 [WARN] PackLoader:240 - Cannot read IP mode file for STMicroelectronics.X-CUBE-NFC4.3.0.0
2025-04-22 12:18:08,458 [WARN] PackLoader:240 - Cannot read IP mode file for EmbeddedOffice.I-CUBE-FS-RTOS.1.0.1
2025-04-22 12:18:08,477 [WARN] PackLoader:240 - Cannot read IP mode file for STMicroelectronics.X-CUBE-WB05N.2.0.0
2025-04-22 12:18:08,496 [WARN] PackLoader:240 - Cannot read IP mode file for STMicroelectronics.X-CUBE-TCPP.4.2.0
2025-04-22 12:18:08,515 [WARN] PackLoader:240 - Cannot read IP mode file for RealThread.X-CUBE-RT-Thread_Nano.4.1.1
2025-04-22 12:18:08,533 [WARN] PackLoader:240 - Cannot read IP mode file for STMicroelectronics.FP-ATR-SIGFOX1.3.2.0
2025-04-22 12:18:08,553 [WARN] ConditionMgr:438 - getConditionDescription Invalid condition id : Cortex-A Device cause : null
2025-04-22 12:18:08,600 [WARN] ConditionMgr:1044 - genDependencies : Invalid condition id : Cortex-A Device cause : null
2025-04-22 12:18:08,601 [WARN] ConditionMgr:1044 - genDependencies : Invalid condition id : Cortex-A Device cause : null
2025-04-22 12:18:08,601 [WARN] ConditionMgr:1044 - genDependencies : Invalid condition id : Cortex-A Device cause : null
2025-04-22 12:18:08,610 [WARN] PackLoader:240 - Cannot read IP mode file for STMicroelectronics.X-CUBE-EEPRMA1.5.1.0
2025-04-22 12:18:08,626 [WARN] PackLoader:240 - Cannot read IP mode file for wolfSSL.I-CUBE-wolfSSL.5.7.4
2025-04-22 12:18:08,638 [WARN] PackLoader:240 - Cannot read IP mode file for ITTIA_DB.I-CUBE-ITTIADB.8.9.0
2025-04-22 12:18:08,680 [WARN] PackLoader:240 - Cannot read IP mode file for SEGGER.I-CUBE-embOS.1.3.1
2025-04-22 12:18:08,689 [INFO] WebApp:169 - Instantiating new browser for Auth
2025-04-22 12:18:08,745 [WARN] PackLoader:240 - Cannot read IP mode file for STMicroelectronics.X-CUBE-ALGOBUILD.1.4.0
2025-04-22 12:18:08,773 [WARN] PackLoader:240 - Cannot read IP mode file for STMicroelectronics.X-CUBE-AI.9.1.0
2025-04-22 12:18:08,808 [WARN] PackLoader:240 - Cannot read IP mode file for STMicroelectronics.X-CUBE-AZRTOS-F4.1.1.0
2025-04-22 12:18:08,828 [WARN] PackLoader:240 - Cannot read IP mode file for Avnet-IotConnect.X-CUBE-IoTC-DA16k-PMOD.1.0.0
2025-04-22 12:18:08,850 [WARN] PackLoader:240 - Cannot read IP mode file for STMicroelectronics.X-CUBE-ISPU.2.1.0
2025-04-22 12:18:08,882 [WARN] PackLoader:240 - Cannot read IP mode file for STMicroelectronics.X-CUBE-AZRTOS-L5.2.0.0
2025-04-22 12:18:08,899 [WARN] PackLoader:240 - Cannot read IP mode file for STMicroelectronics.X-CUBE-NFC6.3.1.0
2025-04-22 12:18:08,914 [WARN] PackLoader:240 - Cannot read IP mode file for STMicroelectronics.X-CUBE-DPower.1.2.0
2025-04-22 12:18:08,920 [WARN] PackLoader:240 - Cannot read IP mode file for STMicroelectronics.X-CUBE-FREERTOS.1.3.0
2025-04-22 12:18:08,930 [WARN] PackLoader:240 - Cannot read IP mode file for STMicroelectronics.X-CUBE-NFC7.1.0.1
2025-04-22 12:18:08,937 [WARN] PackLoader:240 - Cannot read IP mode file for STMicroelectronics.X-CUBE-DPower.1.3.0
2025-04-22 12:18:08,962 [WARN] ConditionMgr:438 - getConditionDescription Invalid condition id : LAN8742 Phy interface Condition cause : null
2025-04-22 12:18:08,963 [WARN] PackLoader:240 - Cannot read IP mode file for STMicroelectronics.X-CUBE-AZRTOS-L4.2.0.0
2025-04-22 12:18:08,966 [WARN] ConditionMgr:1044 - genDependencies : Invalid condition id : LAN8742 Phy interface Condition cause : null
2025-04-22 12:18:08,966 [WARN] ConditionMgr:1044 - genDependencies : Invalid condition id : LAN8742 Phy interface Condition cause : null
2025-04-22 12:18:08,967 [WARN] ConditionMgr:1044 - genDependencies : Invalid condition id : LAN8742 Phy interface Condition cause : null
2025-04-22 12:18:08,976 [WARN] PackLoader:240 - Cannot read IP mode file for STMicroelectronics.X-CUBE-SFXS2LP1.4.0.0
2025-04-22 12:18:09,001 [WARN] PackLoader:240 - Cannot read IP mode file for STMicroelectronics.X-CUBE-AZRTOS-H7.3.3.0
2025-04-22 12:18:09,019 [WARN] ConditionMgr:438 - getConditionDescription Invalid condition id : UX DEVICE CLASS RTOS Condition cause : null
2025-04-22 12:18:09,019 [WARN] ConditionMgr:438 - getConditionDescription Invalid condition id : UX DEVICE CLASS RTOS Condition cause : null
2025-04-22 12:18:09,023 [WARN] PackLoader:240 - Cannot read IP mode file for STMicroelectronics.X-CUBE-AZRTOS-WB.2.0.0
2025-04-22 12:18:09,024 [WARN] ConditionMgr:1044 - genDependencies : Invalid condition id : UX DEVICE CLASS RTOS Condition cause : null
2025-04-22 12:18:09,024 [WARN] ConditionMgr:1044 - genDependencies : Invalid condition id : UX DEVICE CLASS RTOS Condition cause : null
2025-04-22 12:18:09,025 [WARN] ConditionMgr:1044 - genDependencies : Invalid condition id : UX DEVICE CLASS RTOS Condition cause : null
2025-04-22 12:18:09,025 [WARN] ConditionMgr:1044 - genDependencies : Invalid condition id : UX DEVICE CLASS RTOS Condition cause : null
2025-04-22 12:18:09,025 [WARN] ConditionMgr:1044 - genDependencies : Invalid condition id : UX DEVICE CLASS RTOS Condition cause : null
2025-04-22 12:18:09,032 [WARN] PackLoader:240 - Cannot read IP mode file for STMicroelectronics.X-CUBE-GNSS1.7.0.1
2025-04-22 12:18:09,037 [WARN] PackLoader:240 - Cannot read IP mode file for STMicroelectronics.X-CUBE-TOUCHGFX.4.25.0
2025-04-22 12:18:09,045 [WARN] PackLoader:240 - Cannot read IP mode file for STMicroelectronics.FP-SNS-STBOX1.2.0.0
2025-04-22 12:18:09,058 [WARN] PackLoader:240 - Cannot read IP mode file for STMicroelectronics.X-CUBE-SUBG2.5.0.0
2025-04-22 12:18:09,092 [WARN] PackLoader:240 - Cannot read IP mode file for STMicroelectronics.X-CUBE-AZRTOS-H7RS.1.1.0
2025-04-22 12:18:09,099 [WARN] PackLoader:240 - Cannot read IP mode file for Cesanta.I-CUBE-Mongoose.7.13.0
2025-04-22 12:18:09,116 [WARN] PackLoader:240 - Cannot read IP mode file for STMicroelectronics.X-CUBE-AZRTOS-G4.2.0.0
2025-04-22 12:18:09,130 [WARN] PackLoader:240 - Cannot read IP mode file for STMicroelectronics.X-CUBE-IPS.3.1.0
2025-04-22 12:18:09,138 [WARN] PackLoader:240 - Cannot read IP mode file for STMicroelectronics.X-CUBE-ALS.1.0.2
2025-04-22 12:18:09,141 [WARN] PackLoader:240 - Cannot read IP mode file for STMicroelectronics.X-CUBE-TOUCHGFX.4.24.2
2025-04-22 12:18:09,143 [WARN] PackLoader:240 - Cannot read IP mode file for wolfSSL.I-CUBE-wolfTPM.3.4.0
2025-04-22 12:18:09,148 [WARN] PackLoader:240 - Cannot read IP mode file for portGmbH.I-Cube-SoM-uGOAL.1.1.0
2025-04-22 12:18:09,168 [WARN] PackLoader:240 - Cannot read IP mode file for STMicroelectronics.X-CUBE-AZRTOS-H7RS.1.0.0
2025-04-22 12:18:09,187 [WARN] PackLoader:240 - Cannot read IP mode file for STMicroelectronics.X-CUBE-TOF1.3.4.2
2025-04-22 12:18:09,219 [WARN] PackLoader:240 - Cannot read IP mode file for STMicroelectronics.X-CUBE-TOF1.3.4.3
2025-04-22 12:18:09,237 [WARN] PackLoader:240 - Cannot read IP mode file for wolfSSL.I-CUBE-wolfSSH.1.4.17
2025-04-22 12:18:09,244 [INFO] ThirdParty:978 - Integrity check success = true
2025-04-22 12:18:09,244 [INFO] IntegrityCheckThread:100 - exiting critical section [integrity check]
2025-04-22 12:18:09,249 [INFO] IntegrityCheckThread:103 - End integrity checks thread
2025-04-22 12:18:10,332 [INFO] WebApp:463 - Apply proxy settings
2025-04-22 12:18:10,339 [INFO] WebApp:508 - Chromium authenticates against Manually configured proxy
2025-04-22 12:18:10,357 [INFO] WebApp:516 - Username used for proxy authentication: 
2025-04-22 12:18:10,407 [INFO] WebApp:894 - Register for checkConnection events
2025-04-22 12:18:10,407 [INFO] WebApp:463 - Apply proxy settings
2025-04-22 12:18:10,409 [INFO] WebApp:508 - Chromium authenticates against Manually configured proxy
2025-04-22 12:18:10,410 [INFO] WebApp:516 - Username used for proxy authentication: 
2025-04-22 12:18:10,602 [INFO] WebApp:225 - Starting web application
2025-04-22 12:18:10,602 [INFO] WebApp:593 - Web application path used /Applications/STM32CubeIDE.app/Contents/Eclipse/plugins/com.st.stm32cube.common.mx_6.14.0.202502271554/db/plugins/mcufinder/reactClient1/index.html
2025-04-22 12:18:11,082 [INFO] WebApp:191 - Connection restablished
2025-04-22 13:56:11,682 [INFO] WebApp:194 - Connection lost
2025-04-22 16:16:10,536 [INFO] WebApp:191 - Connection restablished
2025-04-22 16:32:21,998 [INFO] WebApp:194 - Connection lost
2025-04-22 16:40:38,219 [INFO] WebApp:191 - Connection restablished
2025-04-22 16:56:10,432 [INFO] WebApp:194 - Connection lost
2025-04-22 17:41:38,819 [INFO] WebApp:191 - Connection restablished
2025-04-22 17:59:38,993 [INFO] WebApp:194 - Connection lost
2025-04-22 19:09:51,380 [INFO] WebApp:191 - Connection restablished
2025-04-22 20:18:05,263 [ERROR] LogOutputStream:75 - [STDERR_REDIRECT] 
2025-04-22 20:18:20,467 [INFO] Activator:176 - 


2025-04-22 20:18:20,471 [INFO] Activator:177 - !SESSION log4j initialized
2025-04-22 20:18:25,754 [INFO] LogOutputStream:77 - [STDOUT_REDIRECT] 
2025-04-22 20:18:27,162 [ERROR] LogOutputStream:75 - [STDERR_REDIRECT] 
2025-04-22 20:18:29,455 [INFO] LogOutputStream:77 - [STDOUT_REDIRECT] 
2025-04-22 20:18:30,380 [INFO] ApplicationProperties:184 - Using Application install path: /Applications/STM32CubeIDE.app/Contents/Eclipse/plugins/com.st.stm32cube.common.mx_6.14.0.202502271554
2025-04-22 20:18:30,394 [INFO] DbMcusXml:78 - Set database path to: /Applications/STM32CubeIDE.app/Contents/Eclipse/plugins/com.st.stm32cube.common.mx_6.14.0.202502271554//db//mcu/
2025-04-22 20:18:30,394 [INFO] ApiDb:274 - Set plugin database path to: /Applications/STM32CubeIDE.app/Contents/Eclipse/plugins/com.st.stm32cube.common.mx_6.14.0.202502271554//db//plugins/boardmanager/
2025-04-22 20:18:30,395 [WARN] ApiDb:259 - Overriding images path with different value:  => /Applications/STM32CubeIDE.app/Contents/Eclipse/plugins/com.st.stm32cube.common.mx_6.14.0.202502271554//db//plugins/mcufinder/images/
2025-04-22 20:18:30,402 [INFO] ApiDb:250 - Set database path to: /Users/cammy/.stmcufinder/plugins/mcufinder//mcu/
2025-04-22 20:18:30,403 [INFO] DbMcusAds:125 - Set database path to: /Users/cammy/.stmcufinder/plugins/mcufinder//mcu/
2025-04-22 20:18:30,404 [INFO] CrossReferenceDbSqlite:203 - Set database path to: /Users/cammy/.stmcufinder/plugins/mcufinder//mcu/cs/
2025-04-22 20:18:30,547 [INFO] RulesReader:64 - Compatibility file has been processed (301 Rules)
2025-04-22 20:18:30,632 [INFO] DbMcusXml:78 - Set database path to: /Applications/STM32CubeIDE.app/Contents/Eclipse/plugins/com.st.stm32cube.common.mx_6.14.0.202502271554//db//mcu/
2025-04-22 20:18:30,633 [INFO] ApiDb:274 - Set plugin database path to: /Applications/STM32CubeIDE.app/Contents/Eclipse/plugins/com.st.stm32cube.common.mx_6.14.0.202502271554//db//plugins/boardmanager/
2025-04-22 20:18:30,633 [INFO] ApiDb:261 - Set plugin images path to: /Applications/STM32CubeIDE.app/Contents/Eclipse/plugins/com.st.stm32cube.common.mx_6.14.0.202502271554//db//plugins/mcufinder/images/
2025-04-22 20:18:30,634 [WARN] DbFile:41 - Overriding database path with different value: /Users/cammy/.stmcufinder/plugins/mcufinder/ => /Users/cammy/.stmcufinder/plugins/mcufinder
2025-04-22 20:18:30,634 [INFO] ApiDb:250 - Set database path to: /Users/cammy/.stmcufinder/plugins/mcufinder//mcu/
2025-04-22 20:18:30,634 [WARN] DbFile:41 - Overriding database path with different value: /Users/cammy/.stmcufinder/plugins/mcufinder/ => /Users/cammy/.stmcufinder/plugins/mcufinder
2025-04-22 20:18:30,634 [INFO] DbMcusAds:125 - Set database path to: /Users/cammy/.stmcufinder/plugins/mcufinder//mcu/
2025-04-22 20:18:30,634 [WARN] DbFile:41 - Overriding database path with different value: /Users/cammy/.stmcufinder/plugins/mcufinder/ => /Users/cammy/.stmcufinder/plugins/mcufinder
2025-04-22 20:18:30,634 [WARN] DbFile:41 - Overriding database path with different value: /Users/cammy/.stmcufinder/plugins/mcufinder/ => /Users/cammy/.stmcufinder/plugins/mcufinder
2025-04-22 20:18:30,634 [INFO] CrossReferenceDbSqlite:203 - Set database path to: /Users/cammy/.stmcufinder/plugins/mcufinder//mcu/cs/
2025-04-22 20:18:30,715 [INFO] MainPanel:272 - HeapMemory: 268435456
2025-04-22 20:18:30,921 [INFO] DbMcusXml:78 - Set database path to: /Applications/STM32CubeIDE.app/Contents/Eclipse/plugins/com.st.stm32cube.common.mx_6.14.0.202502271554//db//mcu/
2025-04-22 20:18:30,922 [INFO] ApiDb:274 - Set plugin database path to: /Applications/STM32CubeIDE.app/Contents/Eclipse/plugins/com.st.stm32cube.common.mx_6.14.0.202502271554//db//plugins/boardmanager/
2025-04-22 20:18:30,922 [INFO] ApiDb:261 - Set plugin images path to: /Applications/STM32CubeIDE.app/Contents/Eclipse/plugins/com.st.stm32cube.common.mx_6.14.0.202502271554//db//plugins/mcufinder/images/
2025-04-22 20:18:30,922 [WARN] DbFile:41 - Overriding database path with different value: /Users/cammy/.stmcufinder/plugins/mcufinder/ => /Users/cammy/.stmcufinder/plugins/mcufinder
2025-04-22 20:18:30,922 [INFO] ApiDb:250 - Set database path to: /Users/cammy/.stmcufinder/plugins/mcufinder//mcu/
2025-04-22 20:18:30,922 [WARN] DbFile:41 - Overriding database path with different value: /Users/cammy/.stmcufinder/plugins/mcufinder/ => /Users/cammy/.stmcufinder/plugins/mcufinder
2025-04-22 20:18:30,922 [INFO] DbMcusAds:125 - Set database path to: /Users/cammy/.stmcufinder/plugins/mcufinder//mcu/
2025-04-22 20:18:30,922 [WARN] DbFile:41 - Overriding database path with different value: /Users/cammy/.stmcufinder/plugins/mcufinder/ => /Users/cammy/.stmcufinder/plugins/mcufinder
2025-04-22 20:18:30,922 [WARN] DbFile:41 - Overriding database path with different value: /Users/cammy/.stmcufinder/plugins/mcufinder/ => /Users/cammy/.stmcufinder/plugins/mcufinder
2025-04-22 20:18:30,922 [INFO] CrossReferenceDbSqlite:203 - Set database path to: /Users/cammy/.stmcufinder/plugins/mcufinder//mcu/cs/
2025-04-22 20:18:30,943 [INFO] ApplicationProperties:184 - Using Application install path: /Applications/STM32CubeIDE.app/Contents/Eclipse/plugins/com.st.stm32cube.common.mx_6.14.0.202502271554
2025-04-22 20:18:30,945 [INFO] PluginManage:196 - Search for loadable plugins [exclusion list=, ]
2025-04-22 20:18:30,947 [INFO] PluginManage:310 - Check plugin analytics
2025-04-22 20:18:31,145 [INFO] AnalyticsPlugin:253 - Accepted Software Licenses: 
2025-04-22 20:18:31,145 [INFO] AnalyticsPlugin:255 - Accepted CMSIS Pack Licenses: 
2025-04-22 20:18:31,146 [INFO] AnalyticsPlugin:257 - Accepted Firmware Licenses: FW.F4.1.28.0
2025-04-22 20:18:31,154 [INFO] PluginManage:359 - Loaded plugin analytics (category:tool,tabindex:-1)
2025-04-22 20:18:31,155 [INFO] PluginManage:310 - Check plugin cadmodel
2025-04-22 20:18:31,168 [INFO] CADModel:105 - Init CAD model plugin
2025-04-22 20:18:31,168 [INFO] PluginManage:359 - Loaded plugin cadmodel (category:power,tabindex:5)
2025-04-22 20:18:31,169 [INFO] PluginManage:310 - Check plugin clock
2025-04-22 20:18:31,178 [INFO] PluginManage:359 - Loaded plugin clock (category:base,tabindex:2)
2025-04-22 20:18:31,178 [INFO] PluginManage:310 - Check plugin ddr
2025-04-22 20:18:31,180 [INFO] PluginManage:359 - Loaded plugin ddr (category:tool,tabindex:6)
2025-04-22 20:18:31,180 [INFO] PluginManage:310 - Check plugin filemanager
2025-04-22 20:18:31,345 [INFO] PluginManage:359 - Loaded plugin filemanager (category:base,tabindex:10)
2025-04-22 20:18:31,346 [INFO] PluginManage:310 - Check plugin ipmanager
2025-04-22 20:18:31,354 [INFO] PluginManage:359 - Loaded plugin ipmanager (category:base,tabindex:5)
2025-04-22 20:18:31,355 [INFO] PluginManage:310 - Check plugin lpbam
2025-04-22 20:18:31,367 [INFO] PluginManage:359 - Loaded plugin lpbam (category:base,tabindex:0)
2025-04-22 20:18:31,367 [INFO] PluginManage:310 - Check plugin memorymap
2025-04-22 20:18:31,379 [INFO] PluginManage:359 - Loaded plugin memorymap (category:base,tabindex:4)
2025-04-22 20:18:31,380 [INFO] PluginManage:310 - Check plugin pinoutandconfiguration
2025-04-22 20:18:31,398 [INFO] PluginManage:359 - Loaded plugin pinoutandconfiguration (category:base,tabindex:1)
2025-04-22 20:18:31,398 [INFO] PluginManage:310 - Check plugin pinoutconfig
2025-04-22 20:18:31,546 [WARN] SupportedApi:132 - Cannot load RTOS API schema: s4s-elt-must-match.1: The content of 'definitions' must match (annotation?, (simpleType | complexType)?, (unique | key | keyref)*)). A problem was found starting at: attribute.
2025-04-22 20:18:31,744 [INFO] PluginManage:359 - Loaded plugin pinoutconfig (category:base,tabindex:0)
2025-04-22 20:18:31,745 [INFO] PluginManage:310 - Check plugin power
2025-04-22 20:18:31,758 [INFO] PluginManage:359 - Loaded plugin power (category:power,tabindex:4)
2025-04-22 20:18:31,759 [INFO] PluginManage:310 - Check plugin projectmanager
2025-04-22 20:18:31,803 [INFO] PluginManage:359 - Loaded plugin projectmanager (category:projectmanager,tabindex:4)
2025-04-22 20:18:31,803 [INFO] PluginManage:310 - Check plugin rif
2025-04-22 20:18:31,811 [INFO] PluginManage:359 - Loaded plugin rif (category:base,tabindex:3)
2025-04-22 20:18:31,812 [INFO] PluginManage:310 - Check plugin thirdparty
2025-04-22 20:18:32,082 [INFO] PluginManage:359 - Loaded plugin thirdparty (category:base,tabindex:-1)
2025-04-22 20:18:32,082 [INFO] PluginManage:310 - Check plugin tools
2025-04-22 20:18:32,082 [WARN] IntegrityCheckThread:84 - waiting for thirdparty lock release [integrity check]
2025-04-22 20:18:32,083 [INFO] IntegrityCheckThread:86 - entering critical section [integrity check]
2025-04-22 20:18:32,084 [INFO] ThirdPartyUpdaterWithRetryManager:70 - Updater plugin not ready yet. [1/15]
2025-04-22 20:18:32,086 [INFO] PluginManage:359 - Loaded plugin tools (category:base,tabindex:7)
2025-04-22 20:18:32,086 [INFO] PluginManage:310 - Check plugin tutovideos
2025-04-22 20:18:32,267 [INFO] PluginManage:359 - Loaded plugin tutovideos (category:base,tabindex:-1)
2025-04-22 20:18:32,268 [INFO] PluginManage:310 - Check plugin updater
2025-04-22 20:18:32,294 [INFO] PluginManage:359 - Loaded plugin updater (category:base,tabindex:12)
2025-04-22 20:18:32,294 [INFO] PluginManage:310 - Check plugin userauth
2025-04-22 20:18:32,299 [INFO] UserAuth:118 - Init User Auth plugin
2025-04-22 20:18:32,300 [INFO] PluginManage:359 - Loaded plugin userauth (category:base,tabindex:14)
2025-04-22 20:18:32,302 [INFO] PluginManage:283 - PluginManage : Loaded plugins [18]
2025-04-22 20:18:32,532 [INFO] PinOutPanel:1589 - setPackage(No Configuration,No Configuration)
2025-04-22 20:18:32,613 [INFO] CADModel:165 - CPN selected for project level
2025-04-22 20:18:32,614 [INFO] CADModel:114 - Register for checkConnection events
2025-04-22 20:18:32,626 [INFO] IPUIPlugin:80 - create IPUIPlugin
2025-04-22 20:18:32,627 [INFO] PluginManager:220 - loadIPPluginJar : add mdma
2025-04-22 20:18:32,634 [INFO] IPUIPlugin:80 - create IPUIPlugin
2025-04-22 20:18:32,634 [INFO] PluginManager:220 - loadIPPluginJar : add freertos
2025-04-22 20:18:32,638 [INFO] IPUIPlugin:80 - create IPUIPlugin
2025-04-22 20:18:32,638 [INFO] PluginManager:220 - loadIPPluginJar : add gic
2025-04-22 20:18:32,649 [INFO] IPUIPlugin:80 - create IPUIPlugin
2025-04-22 20:18:32,650 [INFO] PluginManager:220 - loadIPPluginJar : add adc
2025-04-22 20:18:32,652 [INFO] IPUIPlugin:80 - create IPUIPlugin
2025-04-22 20:18:32,653 [INFO] PluginManager:220 - loadIPPluginJar : add gtzc
2025-04-22 20:18:32,653 [INFO] IPUIPlugin:80 - create IPUIPlugin
2025-04-22 20:18:32,653 [INFO] PluginManager:220 - loadIPPluginJar : add quadspi
2025-04-22 20:18:32,655 [INFO] IPUIPlugin:80 - create IPUIPlugin
2025-04-22 20:18:32,655 [INFO] PluginManager:220 - loadIPPluginJar : add aes
2025-04-22 20:18:32,658 [INFO] IPUIPlugin:80 - create IPUIPlugin
2025-04-22 20:18:32,658 [INFO] PluginManager:220 - loadIPPluginJar : add pdm2pcm
2025-04-22 20:18:32,659 [INFO] IPUIPlugin:80 - create IPUIPlugin
2025-04-22 20:18:32,659 [INFO] PluginManager:220 - loadIPPluginJar : add hash
2025-04-22 20:18:32,661 [INFO] IPUIPlugin:80 - create IPUIPlugin
2025-04-22 20:18:32,662 [INFO] PluginManager:220 - loadIPPluginJar : add tim
2025-04-22 20:18:32,663 [INFO] IPUIPlugin:80 - create IPUIPlugin
2025-04-22 20:18:32,663 [INFO] PluginManager:220 - loadIPPluginJar : add tsc
2025-04-22 20:18:32,666 [INFO] IPUIPlugin:80 - create IPUIPlugin
2025-04-22 20:18:32,667 [INFO] PluginManager:220 - loadIPPluginJar : add extmemmanager
2025-04-22 20:18:32,669 [INFO] IPUIPlugin:80 - create IPUIPlugin
2025-04-22 20:18:32,669 [INFO] PluginManager:220 - loadIPPluginJar : add ts
2025-04-22 20:18:32,670 [INFO] IPUIPlugin:80 - create IPUIPlugin
2025-04-22 20:18:32,670 [INFO] PluginManager:220 - loadIPPluginJar : add radio
2025-04-22 20:18:32,672 [INFO] IPUIPlugin:80 - create IPUIPlugin
2025-04-22 20:18:32,672 [INFO] PluginManager:220 - loadIPPluginJar : add can
2025-04-22 20:18:32,673 [INFO] IPUIPlugin:80 - create IPUIPlugin
2025-04-22 20:18:32,673 [INFO] PluginManager:220 - loadIPPluginJar : add dma3
2025-04-22 20:18:32,676 [INFO] IPUIPlugin:80 - create IPUIPlugin
2025-04-22 20:18:32,676 [INFO] PluginManager:220 - loadIPPluginJar : add dfsdm
2025-04-22 20:18:32,678 [INFO] IPUIPlugin:80 - create IPUIPlugin
2025-04-22 20:18:32,678 [INFO] PluginManager:220 - loadIPPluginJar : add spi
2025-04-22 20:18:32,679 [INFO] IPUIPlugin:80 - create IPUIPlugin
2025-04-22 20:18:32,679 [INFO] PluginManager:220 - loadIPPluginJar : add gfxmmu
2025-04-22 20:18:32,681 [INFO] IPUIPlugin:80 - create IPUIPlugin
2025-04-22 20:18:32,682 [INFO] PluginManager:220 - loadIPPluginJar : add genericplugin
2025-04-22 20:18:32,683 [INFO] IPUIPlugin:80 - create IPUIPlugin
2025-04-22 20:18:32,683 [INFO] PluginManager:220 - loadIPPluginJar : add cryp
2025-04-22 20:18:32,687 [INFO] IPUIPlugin:80 - create IPUIPlugin
2025-04-22 20:18:32,688 [INFO] PluginManager:220 - loadIPPluginJar : add gpio
2025-04-22 20:18:32,691 [INFO] IPUIPlugin:80 - create IPUIPlugin
2025-04-22 20:18:32,691 [INFO] PluginManager:220 - loadIPPluginJar : add ddr_ctrl_phy
2025-04-22 20:18:32,692 [INFO] IPUIPlugin:80 - create IPUIPlugin
2025-04-22 20:18:32,692 [INFO] PluginManager:220 - loadIPPluginJar : add comp
2025-04-22 20:18:32,695 [INFO] IPUIPlugin:80 - create IPUIPlugin
2025-04-22 20:18:32,695 [INFO] PluginManager:220 - loadIPPluginJar : add tracer_emb
2025-04-22 20:18:32,697 [INFO] IPUIPlugin:80 - create IPUIPlugin
2025-04-22 20:18:32,697 [INFO] PluginManager:220 - loadIPPluginJar : add openamp
2025-04-22 20:18:32,702 [INFO] IPUIPlugin:80 - create IPUIPlugin
2025-04-22 20:18:32,702 [INFO] PluginManager:220 - loadIPPluginJar : add stm32_wpan
2025-04-22 20:18:32,706 [INFO] IPUIPlugin:80 - create IPUIPlugin
2025-04-22 20:18:32,710 [INFO] PluginManager:220 - loadIPPluginJar : add plateformsettings
2025-04-22 20:18:32,713 [INFO] IPUIPlugin:80 - create IPUIPlugin
2025-04-22 20:18:32,713 [INFO] PluginManager:220 - loadIPPluginJar : add ipddr
2025-04-22 20:18:32,715 [INFO] IPUIPlugin:80 - create IPUIPlugin
2025-04-22 20:18:32,715 [INFO] PluginManager:220 - loadIPPluginJar : add usart
2025-04-22 20:18:32,716 [INFO] IPUIPlugin:80 - create IPUIPlugin
2025-04-22 20:18:32,716 [INFO] PluginManager:220 - loadIPPluginJar : add ltdc
2025-04-22 20:18:32,718 [INFO] IPUIPlugin:80 - create IPUIPlugin
2025-04-22 20:18:32,718 [INFO] PluginManager:220 - loadIPPluginJar : add nvic
2025-04-22 20:18:32,719 [INFO] IPUIPlugin:80 - create IPUIPlugin
2025-04-22 20:18:32,719 [INFO] PluginManager:220 - loadIPPluginJar : add fatfs
2025-04-22 20:18:32,725 [INFO] IPUIPlugin:80 - create IPUIPlugin
2025-04-22 20:18:32,725 [INFO] PluginManager:220 - loadIPPluginJar : add linkedlist
2025-04-22 20:18:32,730 [INFO] IPUIPlugin:80 - create IPUIPlugin
2025-04-22 20:18:32,730 [INFO] PluginManager:220 - loadIPPluginJar : add dma
2025-04-22 20:18:32,733 [INFO] IPUIPlugin:80 - create IPUIPlugin
2025-04-22 20:18:32,733 [INFO] PluginManager:220 - loadIPPluginJar : add fmc
2025-04-22 20:18:32,734 [INFO] IPUIPlugin:80 - create IPUIPlugin
2025-04-22 20:18:32,734 [INFO] PluginManager:220 - loadIPPluginJar : add i2s
2025-04-22 20:18:32,735 [INFO] IPUIPlugin:80 - create IPUIPlugin
2025-04-22 20:18:32,735 [INFO] PluginManager:220 - loadIPPluginJar : add ucpd
2025-04-22 20:18:32,737 [INFO] IPUIPlugin:80 - create IPUIPlugin
2025-04-22 20:18:32,737 [INFO] PluginManager:220 - loadIPPluginJar : add lorawan
2025-04-22 20:18:32,740 [INFO] IPUIPlugin:80 - create IPUIPlugin
2025-04-22 20:18:32,740 [INFO] PluginManager:220 - loadIPPluginJar : add opamp
2025-04-22 20:18:32,741 [INFO] IPUIPlugin:80 - create IPUIPlugin
2025-04-22 20:18:32,742 [INFO] PluginManager:220 - loadIPPluginJar : add i3c
2025-04-22 20:18:32,744 [INFO] IPUIPlugin:80 - create IPUIPlugin
2025-04-22 20:18:32,744 [INFO] PluginManager:220 - loadIPPluginJar : add touchsensing
2025-04-22 20:18:32,746 [INFO] IPUIPlugin:80 - create IPUIPlugin
2025-04-22 20:18:32,746 [INFO] PluginManager:220 - loadIPPluginJar : add i2c
2025-04-22 20:18:32,749 [INFO] IPUIPlugin:80 - create IPUIPlugin
2025-04-22 20:18:32,749 [INFO] PluginManager:220 - loadIPPluginJar : add resmgrutility
2025-04-22 20:18:32,751 [INFO] IPUIPlugin:80 - create IPUIPlugin
2025-04-22 20:18:32,751 [INFO] PluginManager:220 - loadIPPluginJar : add sai
2025-04-22 20:18:32,754 [INFO] IPUIPlugin:80 - create IPUIPlugin
2025-04-22 20:18:32,754 [INFO] PluginManager:220 - loadIPPluginJar : add usbx
2025-04-22 20:18:32,886 [FATAL] Updater:351 - Updater called before beeing initialized
2025-04-22 20:18:32,937 [INFO] RulesReader:64 - Compatibility file has been processed (301 Rules)
2025-04-22 20:18:32,951 [INFO] RulesReader:64 - Compatibility file has been processed (301 Rules)
2025-04-22 20:18:32,963 [INFO] CADModel:165 - CPN selected for project level
2025-04-22 20:18:32,963 [INFO] CADModel:114 - Register for checkConnection events
2025-04-22 20:18:32,963 [FATAL] Updater:351 - Updater called before beeing initialized
2025-04-22 20:18:32,964 [ERROR] CADModel:125 - Updater not yet initialized, retry later 
2025-04-22 20:18:33,248 [FATAL] Updater:351 - Updater called before beeing initialized
2025-04-22 20:18:33,250 [INFO] CADModel:165 - CPN selected for project level
2025-04-22 20:18:33,250 [INFO] CADModel:114 - Register for checkConnection events
2025-04-22 20:18:33,250 [FATAL] Updater:351 - Updater called before beeing initialized
2025-04-22 20:18:33,250 [ERROR] CADModel:125 - Updater not yet initialized, retry later 
2025-04-22 20:18:33,253 [FATAL] Updater:351 - Updater called before beeing initialized
2025-04-22 20:18:33,447 [FATAL] Updater:351 - Updater called before beeing initialized
2025-04-22 20:18:33,452 [INFO] DbMcusAds:53 - JSON generation date=Thu Mar 06 07:54:22 MST 2025 (1741272862078)
2025-04-22 20:18:33,453 [FATAL] Updater:351 - Updater called before beeing initialized
2025-04-22 20:18:33,780 [WARN] DetailPanel:346 - Failed to get advertising image, set to default
2025-04-22 20:18:33,996 [FATAL] Updater:351 - Updater called before beeing initialized
2025-04-22 20:18:34,001 [FATAL] Updater:351 - Updater called before beeing initialized
2025-04-22 20:18:34,002 [FATAL] Updater:351 - Updater called before beeing initialized
2025-04-22 20:18:34,002 [WARN] DetailPanel:346 - Failed to get advertising image, set to default
2025-04-22 20:18:34,004 [FATAL] Updater:351 - Updater called before beeing initialized
2025-04-22 20:18:34,069 [ERROR] Updater:1198 - MainUpdater not yet initialized. External WinMGr cannot be set.
2025-04-22 20:18:34,071 [INFO] Updater:1134 - Updater Version found : 6.14.0
2025-04-22 20:18:34,088 [INFO] ApplicationProperties:184 - Using Application install path: /Applications/STM32CubeIDE.app/Contents/Eclipse/plugins/com.st.stm32cube.common.mx_6.14.0.202502271554
2025-04-22 20:18:34,596 [INFO] MainUpdater:2872 - connection check result : 10
2025-04-22 20:18:34,597 [INFO] MainUpdater:289 - Updater Check For Update Now.
2025-04-22 20:18:34,597 [INFO] MicroXplorer:498 - Change Database Version : DB.6.0.140
2025-04-22 20:18:34,605 [INFO] McuFinderGlobals:63 - Set McuFinder mode to 2 (CubeIDE integrated)
2025-04-22 20:18:34,605 [INFO] UserAuth:171 - activating auth plugin
2025-04-22 20:18:34,621 [INFO] UserAuth:486 - Internet connection configuration mode: 1
2025-04-22 20:18:34,644 [INFO] JxBrowserEngine:152 - Initiate JxBrowser Engine with user profile folder
2025-04-22 20:18:34,920 [INFO] CheckServerUpdateThread:120 - End of CheckServer Thread
2025-04-22 20:18:35,297 [WARN] PackLoader:240 - Cannot read IP mode file for STMicroelectronics.FP-SNS-MOTENVWB1.1.4.0
2025-04-22 20:18:35,311 [WARN] PackLoader:240 - Cannot read IP mode file for STMicroelectronics.FP-ATR-ASTRA1.2.0.2
2025-04-22 20:18:35,328 [WARN] PackLoader:240 - Cannot read IP mode file for STMicroelectronics.FP-ATR-ASTRA1.2.0.1
2025-04-22 20:18:35,341 [WARN] PackLoader:240 - Cannot read IP mode file for STMicroelectronics.X-CUBE-SMBUS.2.1.0
2025-04-22 20:18:35,356 [WARN] PackLoader:240 - Cannot read IP mode file for STMicroelectronics.X-CUBE-WB05N.1.1.0
2025-04-22 20:18:35,461 [WARN] PackLoader:240 - Cannot read IP mode file for STMicroelectronics.X-CUBE-AZRTOS-F7.1.1.0
2025-04-22 20:18:35,526 [WARN] PackLoader:240 - Cannot read IP mode file for STMicroelectronics.FP-SNS-FLIGHT1.5.0.2
2025-04-22 20:18:35,596 [WARN] PackLoader:240 - Cannot read IP mode file for Infineon.AIROC-Wi-Fi-Bluetooth-STM32.1.7.0
2025-04-22 20:18:35,626 [WARN] PackLoader:240 - Cannot read IP mode file for STMicroelectronics.X-CUBE-DISPLAY.3.0.0
2025-04-22 20:18:35,665 [WARN] PackLoader:240 - Cannot read IP mode file for STMicroelectronics.X-CUBE-BLE1.7.0.0
2025-04-22 20:18:35,687 [WARN] PackLoader:240 - Cannot read IP mode file for STMicroelectronics.X-CUBE-NFC10.1.0.0
2025-04-22 20:18:35,714 [WARN] PackLoader:240 - Cannot read IP mode file for STMicroelectronics.X-CUBE-BLEMGR.4.0.0
2025-04-22 20:18:35,737 [WARN] PackLoader:240 - Cannot read IP mode file for emotas.I-CUBE-CANOPEN.1.3.0
2025-04-22 20:18:35,753 [WARN] PackLoader:240 - Cannot read IP mode file for STMicroelectronics.X-CUBE-AI.10.0.0
2025-04-22 20:18:35,760 [WARN] PackLoader:240 - Cannot read IP mode file for STMicroelectronics.FP-SNS-SMARTAG2.1.2.0
2025-04-22 20:18:35,771 [WARN] PackLoader:240 - Cannot read IP mode file for STMicroelectronics.FP-SNS-FLIGHT1.5.1.0
2025-04-22 20:18:35,866 [WARN] PackLoader:240 - Cannot read IP mode file for STMicroelectronics.X-CUBE-MEMS1.11.1.0
2025-04-22 20:18:36,246 [INFO] LogOutputStream:77 - [STDOUT_REDIRECT] 1 : Invalid condition id : UX_CORESTACK_Condition cause : null
2025-04-22 20:18:36,256 [INFO] LogOutputStream:77 - [STDOUT_REDIRECT] 1 : Invalid condition id : UX_CORESTACK_Condition cause : null
2025-04-22 20:18:36,257 [INFO] LogOutputStream:77 - [STDOUT_REDIRECT] 1 : Invalid condition id : UX_CORESTACK_Condition cause : null
2025-04-22 20:18:36,257 [INFO] LogOutputStream:77 - [STDOUT_REDIRECT] 1 : Invalid condition id : UX_CORESTACK_Condition cause : null
2025-04-22 20:18:36,257 [INFO] LogOutputStream:77 - [STDOUT_REDIRECT] 1 : Invalid condition id : UX_CORESTACK_Condition cause : null
2025-04-22 20:18:36,266 [WARN] PackLoader:240 - Cannot read IP mode file for STMicroelectronics.X-CUBE-AZRTOS-WL.2.0.0
2025-04-22 20:18:36,324 [WARN] PackLoader:240 - Cannot read IP mode file for STMicroelectronics.FP-SNS-MOTENV1.5.0.0
2025-04-22 20:18:36,338 [WARN] PackLoader:240 - Cannot read IP mode file for wolfSSL.I-CUBE-wolfMQTT.1.19.0
2025-04-22 20:18:36,360 [WARN] PackLoader:240 - Cannot read IP mode file for WES.I-CUBE-Cesium.1.3.0
2025-04-22 20:18:36,368 [WARN] PackLoader:240 - Cannot read IP mode file for STMicroelectronics.X-CUBE-BLE2.3.3.0
2025-04-22 20:18:36,377 [WARN] PackLoader:240 - Cannot read IP mode file for STMicroelectronics.X-CUBE-NFC9.1.0.0
2025-04-22 20:18:36,384 [WARN] PackLoader:240 - Cannot read IP mode file for STMicroelectronics.X-CUBE-BLE1.7.1.0
2025-04-22 20:18:36,460 [WARN] PackLoader:240 - Cannot read IP mode file for STMicroelectronics.X-CUBE-MEMS1.11.2.0
2025-04-22 20:18:36,581 [WARN] PackLoader:240 - Cannot read IP mode file for STMicroelectronics.X-CUBE-AZRTOS-G0.1.1.0
2025-04-22 20:18:36,615 [WARN] PackLoader:240 - Cannot read IP mode file for STMicroelectronics.X-CUBE-SAFEA1.1.2.2
2025-04-22 20:18:36,623 [WARN] PackLoader:240 - Cannot read IP mode file for STMicroelectronics.X-CUBE-NFC4.3.0.0
2025-04-22 20:18:36,636 [WARN] PackLoader:240 - Cannot read IP mode file for EmbeddedOffice.I-CUBE-FS-RTOS.1.0.1
2025-04-22 20:18:36,646 [WARN] PackLoader:240 - Cannot read IP mode file for STMicroelectronics.X-CUBE-WB05N.2.0.0
2025-04-22 20:18:36,655 [WARN] PackLoader:240 - Cannot read IP mode file for STMicroelectronics.X-CUBE-TCPP.4.2.0
2025-04-22 20:18:36,662 [WARN] PackLoader:240 - Cannot read IP mode file for RealThread.X-CUBE-RT-Thread_Nano.4.1.1
2025-04-22 20:18:36,665 [WARN] PackLoader:240 - Cannot read IP mode file for STMicroelectronics.FP-ATR-SIGFOX1.3.2.0
2025-04-22 20:18:36,672 [WARN] ConditionMgr:438 - getConditionDescription Invalid condition id : Cortex-A Device cause : null
2025-04-22 20:18:36,738 [WARN] ConditionMgr:1044 - genDependencies : Invalid condition id : Cortex-A Device cause : null
2025-04-22 20:18:36,738 [WARN] ConditionMgr:1044 - genDependencies : Invalid condition id : Cortex-A Device cause : null
2025-04-22 20:18:36,739 [WARN] ConditionMgr:1044 - genDependencies : Invalid condition id : Cortex-A Device cause : null
2025-04-22 20:18:36,745 [WARN] PackLoader:240 - Cannot read IP mode file for STMicroelectronics.X-CUBE-EEPRMA1.5.1.0
2025-04-22 20:18:36,750 [WARN] PackLoader:240 - Cannot read IP mode file for wolfSSL.I-CUBE-wolfSSL.5.7.4
2025-04-22 20:18:36,755 [WARN] PackLoader:240 - Cannot read IP mode file for ITTIA_DB.I-CUBE-ITTIADB.8.9.0
2025-04-22 20:18:36,829 [WARN] PackLoader:240 - Cannot read IP mode file for SEGGER.I-CUBE-embOS.1.3.1
2025-04-22 20:18:36,879 [WARN] PackLoader:240 - Cannot read IP mode file for STMicroelectronics.X-CUBE-ALGOBUILD.1.4.0
2025-04-22 20:18:36,889 [WARN] PackLoader:240 - Cannot read IP mode file for STMicroelectronics.X-CUBE-AI.9.1.0
2025-04-22 20:18:36,914 [WARN] PackLoader:240 - Cannot read IP mode file for STMicroelectronics.X-CUBE-AZRTOS-F4.1.1.0
2025-04-22 20:18:36,922 [WARN] PackLoader:240 - Cannot read IP mode file for Avnet-IotConnect.X-CUBE-IoTC-DA16k-PMOD.1.0.0
2025-04-22 20:18:36,926 [WARN] PackLoader:240 - Cannot read IP mode file for STMicroelectronics.X-CUBE-ISPU.2.1.0
2025-04-22 20:18:36,951 [WARN] PackLoader:240 - Cannot read IP mode file for STMicroelectronics.X-CUBE-AZRTOS-L5.2.0.0
2025-04-22 20:18:36,969 [WARN] PackLoader:240 - Cannot read IP mode file for STMicroelectronics.X-CUBE-NFC6.3.1.0
2025-04-22 20:18:36,983 [WARN] PackLoader:240 - Cannot read IP mode file for STMicroelectronics.X-CUBE-DPower.1.2.0
2025-04-22 20:18:36,991 [WARN] PackLoader:240 - Cannot read IP mode file for STMicroelectronics.X-CUBE-FREERTOS.1.3.0
2025-04-22 20:18:36,998 [WARN] PackLoader:240 - Cannot read IP mode file for STMicroelectronics.X-CUBE-NFC7.1.0.1
2025-04-22 20:18:37,006 [WARN] PackLoader:240 - Cannot read IP mode file for STMicroelectronics.X-CUBE-DPower.1.3.0
2025-04-22 20:18:37,026 [WARN] ConditionMgr:438 - getConditionDescription Invalid condition id : LAN8742 Phy interface Condition cause : null
2025-04-22 20:18:37,028 [WARN] PackLoader:240 - Cannot read IP mode file for STMicroelectronics.X-CUBE-AZRTOS-L4.2.0.0
2025-04-22 20:18:37,031 [WARN] ConditionMgr:1044 - genDependencies : Invalid condition id : LAN8742 Phy interface Condition cause : null
2025-04-22 20:18:37,032 [WARN] ConditionMgr:1044 - genDependencies : Invalid condition id : LAN8742 Phy interface Condition cause : null
2025-04-22 20:18:37,033 [WARN] ConditionMgr:1044 - genDependencies : Invalid condition id : LAN8742 Phy interface Condition cause : null
2025-04-22 20:18:37,040 [WARN] PackLoader:240 - Cannot read IP mode file for STMicroelectronics.X-CUBE-SFXS2LP1.4.0.0
2025-04-22 20:18:37,065 [WARN] PackLoader:240 - Cannot read IP mode file for STMicroelectronics.X-CUBE-AZRTOS-H7.3.3.0
2025-04-22 20:18:37,083 [WARN] ConditionMgr:438 - getConditionDescription Invalid condition id : UX DEVICE CLASS RTOS Condition cause : null
2025-04-22 20:18:37,083 [WARN] ConditionMgr:438 - getConditionDescription Invalid condition id : UX DEVICE CLASS RTOS Condition cause : null
2025-04-22 20:18:37,087 [WARN] PackLoader:240 - Cannot read IP mode file for STMicroelectronics.X-CUBE-AZRTOS-WB.2.0.0
2025-04-22 20:18:37,088 [WARN] ConditionMgr:1044 - genDependencies : Invalid condition id : UX DEVICE CLASS RTOS Condition cause : null
2025-04-22 20:18:37,088 [WARN] ConditionMgr:1044 - genDependencies : Invalid condition id : UX DEVICE CLASS RTOS Condition cause : null
2025-04-22 20:18:37,089 [WARN] ConditionMgr:1044 - genDependencies : Invalid condition id : UX DEVICE CLASS RTOS Condition cause : null
2025-04-22 20:18:37,089 [WARN] ConditionMgr:1044 - genDependencies : Invalid condition id : UX DEVICE CLASS RTOS Condition cause : null
2025-04-22 20:18:37,089 [WARN] ConditionMgr:1044 - genDependencies : Invalid condition id : UX DEVICE CLASS RTOS Condition cause : null
2025-04-22 20:18:37,096 [WARN] PackLoader:240 - Cannot read IP mode file for STMicroelectronics.X-CUBE-GNSS1.7.0.1
2025-04-22 20:18:37,101 [WARN] PackLoader:240 - Cannot read IP mode file for STMicroelectronics.X-CUBE-TOUCHGFX.4.25.0
2025-04-22 20:18:37,107 [WARN] PackLoader:240 - Cannot read IP mode file for STMicroelectronics.FP-SNS-STBOX1.2.0.0
2025-04-22 20:18:37,160 [WARN] PackLoader:240 - Cannot read IP mode file for STMicroelectronics.X-CUBE-SUBG2.5.0.0
2025-04-22 20:18:37,418 [WARN] PackLoader:240 - Cannot read IP mode file for STMicroelectronics.X-CUBE-AZRTOS-H7RS.1.1.0
2025-04-22 20:18:37,452 [WARN] PackLoader:240 - Cannot read IP mode file for Cesanta.I-CUBE-Mongoose.7.13.0
2025-04-22 20:18:37,473 [WARN] PackLoader:240 - Cannot read IP mode file for STMicroelectronics.X-CUBE-AZRTOS-G4.2.0.0
2025-04-22 20:18:37,498 [WARN] PackLoader:240 - Cannot read IP mode file for STMicroelectronics.X-CUBE-IPS.3.1.0
2025-04-22 20:18:37,509 [WARN] PackLoader:240 - Cannot read IP mode file for STMicroelectronics.X-CUBE-ALS.1.0.2
2025-04-22 20:18:37,518 [WARN] PackLoader:240 - Cannot read IP mode file for STMicroelectronics.X-CUBE-TOUCHGFX.4.24.2
2025-04-22 20:18:37,524 [WARN] PackLoader:240 - Cannot read IP mode file for wolfSSL.I-CUBE-wolfTPM.3.4.0
2025-04-22 20:18:37,530 [WARN] PackLoader:240 - Cannot read IP mode file for portGmbH.I-Cube-SoM-uGOAL.1.1.0
2025-04-22 20:18:37,549 [WARN] PackLoader:240 - Cannot read IP mode file for STMicroelectronics.X-CUBE-AZRTOS-H7RS.1.0.0
2025-04-22 20:18:37,565 [WARN] PackLoader:240 - Cannot read IP mode file for STMicroelectronics.X-CUBE-TOF1.3.4.2
2025-04-22 20:18:37,588 [WARN] PackLoader:240 - Cannot read IP mode file for STMicroelectronics.X-CUBE-TOF1.3.4.3
2025-04-22 20:18:37,598 [WARN] PackLoader:240 - Cannot read IP mode file for wolfSSL.I-CUBE-wolfSSH.1.4.17
2025-04-22 20:18:37,620 [INFO] ThirdParty:978 - Integrity check success = true
2025-04-22 20:18:37,620 [INFO] IntegrityCheckThread:100 - exiting critical section [integrity check]
2025-04-22 20:18:37,620 [INFO] IntegrityCheckThread:103 - End integrity checks thread
2025-04-22 20:18:38,874 [INFO] WebApp:169 - Instantiating new browser for Auth
2025-04-22 20:18:40,110 [INFO] WebApp:463 - Apply proxy settings
2025-04-22 20:18:40,127 [INFO] WebApp:508 - Chromium authenticates against Manually configured proxy
2025-04-22 20:18:40,142 [INFO] WebApp:516 - Username used for proxy authentication: 
2025-04-22 20:18:40,182 [INFO] WebApp:894 - Register for checkConnection events
2025-04-22 20:18:40,183 [INFO] WebApp:463 - Apply proxy settings
2025-04-22 20:18:40,187 [INFO] WebApp:508 - Chromium authenticates against Manually configured proxy
2025-04-22 20:18:40,187 [INFO] WebApp:516 - Username used for proxy authentication: 
2025-04-22 20:18:40,380 [INFO] WebApp:225 - Starting web application
2025-04-22 20:18:40,381 [INFO] WebApp:593 - Web application path used /Applications/STM32CubeIDE.app/Contents/Eclipse/plugins/com.st.stm32cube.common.mx_6.14.0.202502271554/db/plugins/mcufinder/reactClient1/index.html
2025-04-22 20:18:40,775 [INFO] WebApp:191 - Connection restablished
