2025-04-15 13:13:37,442 [INFO] Activator:176 - 


2025-04-15 13:13:37,444 [INFO] Activator:177 - !SESSION log4j initialized
2025-04-15 13:13:42,462 [ERROR] LogOutputStream:75 - [STDERR_REDIRECT] 
2025-04-15 13:13:46,962 [INFO] LogOutputStream:77 - [STDOUT_REDIRECT] 
2025-04-15 13:13:49,019 [INFO] ApplicationProperties:184 - Using Application install path: /Applications/STM32CubeIDE.app/Contents/Eclipse/plugins/com.st.stm32cube.common.mx_6.14.0.202502271554
2025-04-15 13:13:49,033 [INFO] DbMcusXml:78 - Set database path to: /Applications/STM32CubeIDE.app/Contents/Eclipse/plugins/com.st.stm32cube.common.mx_6.14.0.202502271554//db//mcu/
2025-04-15 13:13:49,033 [INFO] ApiDb:274 - Set plugin database path to: /Applications/STM32CubeIDE.app/Contents/Eclipse/plugins/com.st.stm32cube.common.mx_6.14.0.202502271554//db//plugins/boardmanager/
2025-04-15 13:13:49,034 [WARN] ApiDb:259 - Overriding images path with different value:  => /Applications/STM32CubeIDE.app/Contents/Eclipse/plugins/com.st.stm32cube.common.mx_6.14.0.202502271554//db//plugins/mcufinder/images/
2025-04-15 13:13:49,039 [INFO] ApiDb:250 - Set database path to: /Users/cammy/.stmcufinder/plugins/mcufinder//mcu/
2025-04-15 13:13:49,040 [INFO] DbMcusAds:125 - Set database path to: /Users/cammy/.stmcufinder/plugins/mcufinder//mcu/
2025-04-15 13:13:49,041 [INFO] CrossReferenceDbSqlite:203 - Set database path to: /Users/cammy/.stmcufinder/plugins/mcufinder//mcu/cs/
2025-04-15 13:13:49,173 [INFO] RulesReader:64 - Compatibility file has been processed (301 Rules)
2025-04-15 13:13:49,250 [INFO] DbMcusXml:78 - Set database path to: /Applications/STM32CubeIDE.app/Contents/Eclipse/plugins/com.st.stm32cube.common.mx_6.14.0.202502271554//db//mcu/
2025-04-15 13:13:49,250 [INFO] ApiDb:274 - Set plugin database path to: /Applications/STM32CubeIDE.app/Contents/Eclipse/plugins/com.st.stm32cube.common.mx_6.14.0.202502271554//db//plugins/boardmanager/
2025-04-15 13:13:49,251 [INFO] ApiDb:261 - Set plugin images path to: /Applications/STM32CubeIDE.app/Contents/Eclipse/plugins/com.st.stm32cube.common.mx_6.14.0.202502271554//db//plugins/mcufinder/images/
2025-04-15 13:13:49,251 [WARN] DbFile:41 - Overriding database path with different value: /Users/cammy/.stmcufinder/plugins/mcufinder/ => /Users/cammy/.stmcufinder/plugins/mcufinder
2025-04-15 13:13:49,251 [INFO] ApiDb:250 - Set database path to: /Users/cammy/.stmcufinder/plugins/mcufinder//mcu/
2025-04-15 13:13:49,251 [WARN] DbFile:41 - Overriding database path with different value: /Users/cammy/.stmcufinder/plugins/mcufinder/ => /Users/cammy/.stmcufinder/plugins/mcufinder
2025-04-15 13:13:49,251 [INFO] DbMcusAds:125 - Set database path to: /Users/cammy/.stmcufinder/plugins/mcufinder//mcu/
2025-04-15 13:13:49,251 [WARN] DbFile:41 - Overriding database path with different value: /Users/cammy/.stmcufinder/plugins/mcufinder/ => /Users/cammy/.stmcufinder/plugins/mcufinder
2025-04-15 13:13:49,251 [WARN] DbFile:41 - Overriding database path with different value: /Users/cammy/.stmcufinder/plugins/mcufinder/ => /Users/cammy/.stmcufinder/plugins/mcufinder
2025-04-15 13:13:49,251 [INFO] CrossReferenceDbSqlite:203 - Set database path to: /Users/cammy/.stmcufinder/plugins/mcufinder//mcu/cs/
2025-04-15 13:13:49,318 [INFO] MainPanel:272 - HeapMemory: 316669952
2025-04-15 13:13:49,542 [INFO] DbMcusXml:78 - Set database path to: /Applications/STM32CubeIDE.app/Contents/Eclipse/plugins/com.st.stm32cube.common.mx_6.14.0.202502271554//db//mcu/
2025-04-15 13:13:49,543 [INFO] ApiDb:274 - Set plugin database path to: /Applications/STM32CubeIDE.app/Contents/Eclipse/plugins/com.st.stm32cube.common.mx_6.14.0.202502271554//db//plugins/boardmanager/
2025-04-15 13:13:49,543 [INFO] ApiDb:261 - Set plugin images path to: /Applications/STM32CubeIDE.app/Contents/Eclipse/plugins/com.st.stm32cube.common.mx_6.14.0.202502271554//db//plugins/mcufinder/images/
2025-04-15 13:13:49,544 [WARN] DbFile:41 - Overriding database path with different value: /Users/cammy/.stmcufinder/plugins/mcufinder/ => /Users/cammy/.stmcufinder/plugins/mcufinder
2025-04-15 13:13:49,544 [INFO] ApiDb:250 - Set database path to: /Users/cammy/.stmcufinder/plugins/mcufinder//mcu/
2025-04-15 13:13:49,544 [WARN] DbFile:41 - Overriding database path with different value: /Users/cammy/.stmcufinder/plugins/mcufinder/ => /Users/cammy/.stmcufinder/plugins/mcufinder
2025-04-15 13:13:49,544 [INFO] DbMcusAds:125 - Set database path to: /Users/cammy/.stmcufinder/plugins/mcufinder//mcu/
2025-04-15 13:13:49,544 [WARN] DbFile:41 - Overriding database path with different value: /Users/cammy/.stmcufinder/plugins/mcufinder/ => /Users/cammy/.stmcufinder/plugins/mcufinder
2025-04-15 13:13:49,544 [WARN] DbFile:41 - Overriding database path with different value: /Users/cammy/.stmcufinder/plugins/mcufinder/ => /Users/cammy/.stmcufinder/plugins/mcufinder
2025-04-15 13:13:49,544 [INFO] CrossReferenceDbSqlite:203 - Set database path to: /Users/cammy/.stmcufinder/plugins/mcufinder//mcu/cs/
2025-04-15 13:13:49,565 [INFO] ApplicationProperties:184 - Using Application install path: /Applications/STM32CubeIDE.app/Contents/Eclipse/plugins/com.st.stm32cube.common.mx_6.14.0.202502271554
2025-04-15 13:13:49,566 [INFO] PluginManage:196 - Search for loadable plugins [exclusion list=, ]
2025-04-15 13:13:49,568 [INFO] PluginManage:310 - Check plugin analytics
2025-04-15 13:13:49,823 [INFO] AnalyticsPlugin:253 - Accepted Software Licenses: 
2025-04-15 13:13:49,823 [INFO] AnalyticsPlugin:255 - Accepted CMSIS Pack Licenses: 
2025-04-15 13:13:49,824 [INFO] AnalyticsPlugin:257 - Accepted Firmware Licenses: FW.F4.1.28.0
2025-04-15 13:13:49,830 [INFO] PluginManage:359 - Loaded plugin analytics (category:tool,tabindex:-1)
2025-04-15 13:13:49,831 [INFO] PluginManage:310 - Check plugin cadmodel
2025-04-15 13:13:49,840 [INFO] CADModel:105 - Init CAD model plugin
2025-04-15 13:13:49,840 [INFO] PluginManage:359 - Loaded plugin cadmodel (category:power,tabindex:5)
2025-04-15 13:13:49,841 [INFO] PluginManage:310 - Check plugin clock
2025-04-15 13:13:49,852 [INFO] PluginManage:359 - Loaded plugin clock (category:base,tabindex:2)
2025-04-15 13:13:49,852 [INFO] PluginManage:310 - Check plugin ddr
2025-04-15 13:13:49,854 [INFO] PluginManage:359 - Loaded plugin ddr (category:tool,tabindex:6)
2025-04-15 13:13:49,855 [INFO] PluginManage:310 - Check plugin filemanager
2025-04-15 13:13:50,321 [INFO] PluginManage:359 - Loaded plugin filemanager (category:base,tabindex:10)
2025-04-15 13:13:50,326 [INFO] PluginManage:310 - Check plugin ipmanager
2025-04-15 13:13:50,364 [INFO] PluginManage:359 - Loaded plugin ipmanager (category:base,tabindex:5)
2025-04-15 13:13:50,366 [INFO] PluginManage:310 - Check plugin lpbam
2025-04-15 13:13:50,394 [INFO] PluginManage:359 - Loaded plugin lpbam (category:base,tabindex:0)
2025-04-15 13:13:50,394 [INFO] PluginManage:310 - Check plugin memorymap
2025-04-15 13:13:50,409 [INFO] PluginManage:359 - Loaded plugin memorymap (category:base,tabindex:4)
2025-04-15 13:13:50,412 [INFO] PluginManage:310 - Check plugin pinoutandconfiguration
2025-04-15 13:13:50,422 [INFO] PluginManage:359 - Loaded plugin pinoutandconfiguration (category:base,tabindex:1)
2025-04-15 13:13:50,422 [INFO] PluginManage:310 - Check plugin pinoutconfig
2025-04-15 13:13:50,543 [WARN] SupportedApi:132 - Cannot load RTOS API schema: s4s-elt-must-match.1: The content of 'definitions' must match (annotation?, (simpleType | complexType)?, (unique | key | keyref)*)). A problem was found starting at: attribute.
2025-04-15 13:13:50,730 [INFO] PluginManage:359 - Loaded plugin pinoutconfig (category:base,tabindex:0)
2025-04-15 13:13:50,730 [INFO] PluginManage:310 - Check plugin power
2025-04-15 13:13:50,743 [INFO] PluginManage:359 - Loaded plugin power (category:power,tabindex:4)
2025-04-15 13:13:50,743 [INFO] PluginManage:310 - Check plugin projectmanager
2025-04-15 13:13:50,769 [INFO] PluginManage:359 - Loaded plugin projectmanager (category:projectmanager,tabindex:4)
2025-04-15 13:13:50,769 [INFO] PluginManage:310 - Check plugin rif
2025-04-15 13:13:50,776 [INFO] PluginManage:359 - Loaded plugin rif (category:base,tabindex:3)
2025-04-15 13:13:50,776 [INFO] PluginManage:310 - Check plugin thirdparty
2025-04-15 13:13:50,965 [INFO] PluginManage:359 - Loaded plugin thirdparty (category:base,tabindex:-1)
2025-04-15 13:13:50,966 [INFO] PluginManage:310 - Check plugin tools
2025-04-15 13:13:50,970 [INFO] PluginManage:359 - Loaded plugin tools (category:base,tabindex:7)
2025-04-15 13:13:50,965 [WARN] IntegrityCheckThread:84 - waiting for thirdparty lock release [integrity check]
2025-04-15 13:13:50,970 [INFO] PluginManage:310 - Check plugin tutovideos
2025-04-15 13:13:50,970 [INFO] IntegrityCheckThread:86 - entering critical section [integrity check]
2025-04-15 13:13:50,972 [INFO] ThirdPartyUpdaterWithRetryManager:70 - Updater plugin not ready yet. [1/15]
2025-04-15 13:13:51,147 [INFO] PluginManage:359 - Loaded plugin tutovideos (category:base,tabindex:-1)
2025-04-15 13:13:51,147 [INFO] PluginManage:310 - Check plugin updater
2025-04-15 13:13:51,177 [INFO] PluginManage:359 - Loaded plugin updater (category:base,tabindex:12)
2025-04-15 13:13:51,177 [INFO] PluginManage:310 - Check plugin userauth
2025-04-15 13:13:51,182 [INFO] UserAuth:118 - Init User Auth plugin
2025-04-15 13:13:51,183 [INFO] PluginManage:359 - Loaded plugin userauth (category:base,tabindex:14)
2025-04-15 13:13:51,184 [INFO] PluginManage:283 - PluginManage : Loaded plugins [18]
2025-04-15 13:13:52,228 [INFO] PinOutPanel:1589 - setPackage(No Configuration,No Configuration)
2025-04-15 13:13:52,323 [INFO] CADModel:165 - CPN selected for project level
2025-04-15 13:13:52,324 [INFO] CADModel:114 - Register for checkConnection events
2025-04-15 13:13:52,338 [INFO] IPUIPlugin:80 - create IPUIPlugin
2025-04-15 13:13:52,338 [INFO] PluginManager:220 - loadIPPluginJar : add mdma
2025-04-15 13:13:52,345 [INFO] IPUIPlugin:80 - create IPUIPlugin
2025-04-15 13:13:52,346 [INFO] PluginManager:220 - loadIPPluginJar : add freertos
2025-04-15 13:13:52,350 [INFO] IPUIPlugin:80 - create IPUIPlugin
2025-04-15 13:13:52,350 [INFO] PluginManager:220 - loadIPPluginJar : add gic
2025-04-15 13:13:52,359 [INFO] IPUIPlugin:80 - create IPUIPlugin
2025-04-15 13:13:52,360 [INFO] PluginManager:220 - loadIPPluginJar : add adc
2025-04-15 13:13:52,362 [INFO] IPUIPlugin:80 - create IPUIPlugin
2025-04-15 13:13:52,362 [INFO] PluginManager:220 - loadIPPluginJar : add gtzc
2025-04-15 13:13:52,363 [INFO] IPUIPlugin:80 - create IPUIPlugin
2025-04-15 13:13:52,363 [INFO] PluginManager:220 - loadIPPluginJar : add quadspi
2025-04-15 13:13:52,366 [INFO] IPUIPlugin:80 - create IPUIPlugin
2025-04-15 13:13:52,367 [INFO] PluginManager:220 - loadIPPluginJar : add aes
2025-04-15 13:13:52,368 [INFO] IPUIPlugin:80 - create IPUIPlugin
2025-04-15 13:13:52,369 [INFO] PluginManager:220 - loadIPPluginJar : add pdm2pcm
2025-04-15 13:13:52,370 [INFO] IPUIPlugin:80 - create IPUIPlugin
2025-04-15 13:13:52,370 [INFO] PluginManager:220 - loadIPPluginJar : add hash
2025-04-15 13:13:52,372 [INFO] IPUIPlugin:80 - create IPUIPlugin
2025-04-15 13:13:52,372 [INFO] PluginManager:220 - loadIPPluginJar : add tim
2025-04-15 13:13:52,374 [INFO] IPUIPlugin:80 - create IPUIPlugin
2025-04-15 13:13:52,374 [INFO] PluginManager:220 - loadIPPluginJar : add tsc
2025-04-15 13:13:52,376 [INFO] IPUIPlugin:80 - create IPUIPlugin
2025-04-15 13:13:52,376 [INFO] PluginManager:220 - loadIPPluginJar : add extmemmanager
2025-04-15 13:13:52,378 [INFO] IPUIPlugin:80 - create IPUIPlugin
2025-04-15 13:13:52,379 [INFO] PluginManager:220 - loadIPPluginJar : add ts
2025-04-15 13:13:52,379 [INFO] IPUIPlugin:80 - create IPUIPlugin
2025-04-15 13:13:52,380 [INFO] PluginManager:220 - loadIPPluginJar : add radio
2025-04-15 13:13:52,382 [INFO] IPUIPlugin:80 - create IPUIPlugin
2025-04-15 13:13:52,382 [INFO] PluginManager:220 - loadIPPluginJar : add can
2025-04-15 13:13:52,383 [INFO] IPUIPlugin:80 - create IPUIPlugin
2025-04-15 13:13:52,383 [INFO] PluginManager:220 - loadIPPluginJar : add dma3
2025-04-15 13:13:52,385 [INFO] IPUIPlugin:80 - create IPUIPlugin
2025-04-15 13:13:52,385 [INFO] PluginManager:220 - loadIPPluginJar : add dfsdm
2025-04-15 13:13:52,386 [INFO] IPUIPlugin:80 - create IPUIPlugin
2025-04-15 13:13:52,386 [INFO] PluginManager:220 - loadIPPluginJar : add spi
2025-04-15 13:13:52,388 [INFO] IPUIPlugin:80 - create IPUIPlugin
2025-04-15 13:13:52,389 [INFO] PluginManager:220 - loadIPPluginJar : add gfxmmu
2025-04-15 13:13:52,390 [INFO] IPUIPlugin:80 - create IPUIPlugin
2025-04-15 13:13:52,390 [INFO] PluginManager:220 - loadIPPluginJar : add genericplugin
2025-04-15 13:13:52,392 [INFO] IPUIPlugin:80 - create IPUIPlugin
2025-04-15 13:13:52,392 [INFO] PluginManager:220 - loadIPPluginJar : add cryp
2025-04-15 13:13:52,394 [INFO] IPUIPlugin:80 - create IPUIPlugin
2025-04-15 13:13:52,395 [INFO] PluginManager:220 - loadIPPluginJar : add gpio
2025-04-15 13:13:52,397 [INFO] IPUIPlugin:80 - create IPUIPlugin
2025-04-15 13:13:52,397 [INFO] PluginManager:220 - loadIPPluginJar : add ddr_ctrl_phy
2025-04-15 13:13:52,398 [INFO] IPUIPlugin:80 - create IPUIPlugin
2025-04-15 13:13:52,399 [INFO] PluginManager:220 - loadIPPluginJar : add comp
2025-04-15 13:13:52,402 [INFO] IPUIPlugin:80 - create IPUIPlugin
2025-04-15 13:13:52,405 [INFO] PluginManager:220 - loadIPPluginJar : add tracer_emb
2025-04-15 13:13:52,408 [INFO] IPUIPlugin:80 - create IPUIPlugin
2025-04-15 13:13:52,408 [INFO] PluginManager:220 - loadIPPluginJar : add openamp
2025-04-15 13:13:52,415 [INFO] IPUIPlugin:80 - create IPUIPlugin
2025-04-15 13:13:52,415 [INFO] PluginManager:220 - loadIPPluginJar : add stm32_wpan
2025-04-15 13:13:52,420 [INFO] IPUIPlugin:80 - create IPUIPlugin
2025-04-15 13:13:52,425 [INFO] PluginManager:220 - loadIPPluginJar : add plateformsettings
2025-04-15 13:13:52,429 [INFO] IPUIPlugin:80 - create IPUIPlugin
2025-04-15 13:13:52,429 [INFO] PluginManager:220 - loadIPPluginJar : add ipddr
2025-04-15 13:13:52,431 [INFO] IPUIPlugin:80 - create IPUIPlugin
2025-04-15 13:13:52,431 [INFO] PluginManager:220 - loadIPPluginJar : add usart
2025-04-15 13:13:52,432 [INFO] IPUIPlugin:80 - create IPUIPlugin
2025-04-15 13:13:52,432 [INFO] PluginManager:220 - loadIPPluginJar : add ltdc
2025-04-15 13:13:52,435 [INFO] IPUIPlugin:80 - create IPUIPlugin
2025-04-15 13:13:52,435 [INFO] PluginManager:220 - loadIPPluginJar : add nvic
2025-04-15 13:13:52,436 [INFO] IPUIPlugin:80 - create IPUIPlugin
2025-04-15 13:13:52,436 [INFO] PluginManager:220 - loadIPPluginJar : add fatfs
2025-04-15 13:13:52,440 [INFO] IPUIPlugin:80 - create IPUIPlugin
2025-04-15 13:13:52,441 [INFO] PluginManager:220 - loadIPPluginJar : add linkedlist
2025-04-15 13:13:52,446 [INFO] IPUIPlugin:80 - create IPUIPlugin
2025-04-15 13:13:52,446 [INFO] PluginManager:220 - loadIPPluginJar : add dma
2025-04-15 13:13:52,450 [INFO] IPUIPlugin:80 - create IPUIPlugin
2025-04-15 13:13:52,450 [INFO] PluginManager:220 - loadIPPluginJar : add fmc
2025-04-15 13:13:52,452 [INFO] IPUIPlugin:80 - create IPUIPlugin
2025-04-15 13:13:52,452 [INFO] PluginManager:220 - loadIPPluginJar : add i2s
2025-04-15 13:13:52,454 [INFO] IPUIPlugin:80 - create IPUIPlugin
2025-04-15 13:13:52,454 [INFO] PluginManager:220 - loadIPPluginJar : add ucpd
2025-04-15 13:13:52,458 [INFO] IPUIPlugin:80 - create IPUIPlugin
2025-04-15 13:13:52,458 [INFO] PluginManager:220 - loadIPPluginJar : add lorawan
2025-04-15 13:13:52,460 [INFO] IPUIPlugin:80 - create IPUIPlugin
2025-04-15 13:13:52,460 [INFO] PluginManager:220 - loadIPPluginJar : add opamp
2025-04-15 13:13:52,462 [INFO] IPUIPlugin:80 - create IPUIPlugin
2025-04-15 13:13:52,462 [INFO] PluginManager:220 - loadIPPluginJar : add i3c
2025-04-15 13:13:52,464 [INFO] IPUIPlugin:80 - create IPUIPlugin
2025-04-15 13:13:52,464 [INFO] PluginManager:220 - loadIPPluginJar : add touchsensing
2025-04-15 13:13:52,466 [INFO] IPUIPlugin:80 - create IPUIPlugin
2025-04-15 13:13:52,466 [INFO] PluginManager:220 - loadIPPluginJar : add i2c
2025-04-15 13:13:52,469 [INFO] IPUIPlugin:80 - create IPUIPlugin
2025-04-15 13:13:52,469 [INFO] PluginManager:220 - loadIPPluginJar : add resmgrutility
2025-04-15 13:13:52,470 [INFO] IPUIPlugin:80 - create IPUIPlugin
2025-04-15 13:13:52,470 [INFO] PluginManager:220 - loadIPPluginJar : add sai
2025-04-15 13:13:52,472 [INFO] IPUIPlugin:80 - create IPUIPlugin
2025-04-15 13:13:52,472 [INFO] PluginManager:220 - loadIPPluginJar : add usbx
2025-04-15 13:13:52,586 [FATAL] Updater:351 - Updater called before beeing initialized
2025-04-15 13:13:52,639 [INFO] RulesReader:64 - Compatibility file has been processed (301 Rules)
2025-04-15 13:13:52,656 [INFO] RulesReader:64 - Compatibility file has been processed (301 Rules)
2025-04-15 13:13:52,667 [INFO] CADModel:165 - CPN selected for project level
2025-04-15 13:13:52,667 [INFO] CADModel:114 - Register for checkConnection events
2025-04-15 13:13:52,667 [FATAL] Updater:351 - Updater called before beeing initialized
2025-04-15 13:13:52,667 [ERROR] CADModel:125 - Updater not yet initialized, retry later 
